This file contains any messages produced by compilers while
running configure, to aid debugging if configure makes a mistake.

It was created by foobar_cpp configure 0.1, which was
generated by GNU Autoconf 2.65.  Invocation command line was

  $ /home/reza/foobar-cpp/configure --enable-maintainer-mode CFLAGS=-g -O0 CXXFLAGS=-g -O0 JFLAGS=-g -O0 FFLAGS=-g -O0 --no-create --no-recursion

## --------- ##
## Platform. ##
## --------- ##

hostname = reza-desktop
uname -m = i686
uname -r = 2.6.32-24-generic
uname -s = Linux
uname -v = #39-Ubuntu SMP Wed Jul 28 06:07:29 UTC 2010

/usr/bin/uname -p = unknown
/bin/uname -X     = unknown

/bin/arch              = unknown
/usr/bin/arch -k       = unknown
/usr/convex/getsysinfo = unknown
/usr/bin/hostinfo      = unknown
/bin/machine           = unknown
/usr/bin/oslevel       = unknown
/bin/universe          = unknown

PATH: /usr/local/sbin
PATH: /usr/local/bin
PATH: /usr/sbin
PATH: /usr/bin
PATH: /sbin
PATH: /bin
PATH: /usr/games


## ----------- ##
## Core tests. ##
## ----------- ##

configure:2536: checking for a BSD-compatible install
configure:2604: result: /usr/bin/install -c
configure:2615: checking whether build environment is sane
configure:2665: result: yes
configure:2806: checking for a thread-safe mkdir -p
configure:2845: result: /bin/mkdir -p
configure:2858: checking for gawk
configure:2874: found /usr/bin/gawk
configure:2885: result: gawk
configure:2896: checking whether make sets $(MAKE)
configure:2918: result: yes
configure:3002: checking whether to enable maintainer-specific portions of Makefiles
configure:3011: result: yes
configure:3037: checking for style of include used by make
configure:3065: result: GNU
configure:3135: checking for gcc
configure:3151: found /usr/bin/gcc
configure:3162: result: gcc
configure:3391: checking for C compiler version
configure:3400: gcc --version >&5
gcc (Ubuntu 4.4.3-4ubuntu5) 4.4.3
Copyright (C) 2009 Free Software Foundation, Inc.
This is free software; see the source for copying conditions.  There is NO
warranty; not even for MERCHANTABILITY or FITNESS FOR A PARTICULAR PURPOSE.

configure:3411: $? = 0
configure:3400: gcc -v >&5
Using built-in specs.
Target: i486-linux-gnu
Configured with: ../src/configure -v --with-pkgversion='Ubuntu 4.4.3-4ubuntu5' --with-bugurl=file:///usr/share/doc/gcc-4.4/README.Bugs --enable-languages=c,c++,fortran,objc,obj-c++ --prefix=/usr --enable-shared --enable-multiarch --enable-linker-build-id --with-system-zlib --libexecdir=/usr/lib --without-included-gettext --enable-threads=posix --with-gxx-include-dir=/usr/include/c++/4.4 --program-suffix=-4.4 --enable-nls --enable-clocale=gnu --enable-libstdcxx-debug --enable-plugin --enable-objc-gc --enable-targets=all --disable-werror --with-arch-32=i486 --with-tune=generic --enable-checking=release --build=i486-linux-gnu --host=i486-linux-gnu --target=i486-linux-gnu
Thread model: posix
gcc version 4.4.3 (Ubuntu 4.4.3-4ubuntu5) 
configure:3411: $? = 0
configure:3400: gcc -V >&5
gcc: '-V' option must have argument
configure:3411: $? = 1
configure:3400: gcc -qversion >&5
gcc: unrecognized option '-qversion'
gcc: no input files
configure:3411: $? = 1
configure:3431: checking whether the C compiler works
configure:3453: gcc -g -O0   conftest.c  >&5
configure:3457: $? = 0
configure:3506: result: yes
configure:3509: checking for C compiler default output file name
configure:3511: result: a.out
configure:3517: checking for suffix of executables
configure:3524: gcc -o conftest -g -O0   conftest.c  >&5
configure:3528: $? = 0
configure:3550: result: 
configure:3572: checking whether we are cross compiling
configure:3580: gcc -o conftest -g -O0   conftest.c  >&5
configure:3584: $? = 0
configure:3591: ./conftest
configure:3595: $? = 0
configure:3610: result: no
configure:3615: checking for suffix of object files
configure:3637: gcc -c -g -O0  conftest.c >&5
configure:3641: $? = 0
configure:3662: result: o
configure:3666: checking whether we are using the GNU C compiler
configure:3685: gcc -c -g -O0  conftest.c >&5
configure:3685: $? = 0
configure:3694: result: yes
configure:3703: checking whether gcc accepts -g
configure:3723: gcc -c -g  conftest.c >&5
configure:3723: $? = 0
configure:3764: result: yes
configure:3781: checking for gcc option to accept ISO C89
configure:3845: gcc  -c -g -O0  conftest.c >&5
configure:3845: $? = 0
configure:3858: result: none needed
configure:3880: checking dependency style of gcc
configure:3990: result: gcc3
configure:4006: checking for library containing strerror
configure:4037: gcc -o conftest -g -O0   conftest.c  >&5
configure:4037: $? = 0
configure:4054: result: none required
configure:4120: checking for g++
configure:4136: found /usr/bin/g++
configure:4147: result: g++
configure:4174: checking for C++ compiler version
configure:4183: g++ --version >&5
g++ (Ubuntu 4.4.3-4ubuntu5) 4.4.3
Copyright (C) 2009 Free Software Foundation, Inc.
This is free software; see the source for copying conditions.  There is NO
warranty; not even for MERCHANTABILITY or FITNESS FOR A PARTICULAR PURPOSE.

configure:4194: $? = 0
configure:4183: g++ -v >&5
Using built-in specs.
Target: i486-linux-gnu
Configured with: ../src/configure -v --with-pkgversion='Ubuntu 4.4.3-4ubuntu5' --with-bugurl=file:///usr/share/doc/gcc-4.4/README.Bugs --enable-languages=c,c++,fortran,objc,obj-c++ --prefix=/usr --enable-shared --enable-multiarch --enable-linker-build-id --with-system-zlib --libexecdir=/usr/lib --without-included-gettext --enable-threads=posix --with-gxx-include-dir=/usr/include/c++/4.4 --program-suffix=-4.4 --enable-nls --enable-clocale=gnu --enable-libstdcxx-debug --enable-plugin --enable-objc-gc --enable-targets=all --disable-werror --with-arch-32=i486 --with-tune=generic --enable-checking=release --build=i486-linux-gnu --host=i486-linux-gnu --target=i486-linux-gnu
Thread model: posix
gcc version 4.4.3 (Ubuntu 4.4.3-4ubuntu5) 
configure:4194: $? = 0
configure:4183: g++ -V >&5
g++: '-V' option must have argument
configure:4194: $? = 1
configure:4183: g++ -qversion >&5
g++: unrecognized option '-qversion'
g++: no input files
configure:4194: $? = 1
configure:4198: checking whether we are using the GNU C++ compiler
configure:4217: g++ -c -g -O0  conftest.cpp >&5
configure:4217: $? = 0
configure:4226: result: yes
configure:4235: checking whether g++ accepts -g
configure:4255: g++ -c -g  conftest.cpp >&5
configure:4255: $? = 0
configure:4296: result: yes
configure:4321: checking dependency style of g++
configure:4431: result: gcc3
configure:4494: checking for gcc
configure:4521: result: gcc
configure:4750: checking for C compiler version
configure:4759: gcc --version >&5
gcc (Ubuntu 4.4.3-4ubuntu5) 4.4.3
Copyright (C) 2009 Free Software Foundation, Inc.
This is free software; see the source for copying conditions.  There is NO
warranty; not even for MERCHANTABILITY or FITNESS FOR A PARTICULAR PURPOSE.

configure:4770: $? = 0
configure:4759: gcc -v >&5
Using built-in specs.
Target: i486-linux-gnu
Configured with: ../src/configure -v --with-pkgversion='Ubuntu 4.4.3-4ubuntu5' --with-bugurl=file:///usr/share/doc/gcc-4.4/README.Bugs --enable-languages=c,c++,fortran,objc,obj-c++ --prefix=/usr --enable-shared --enable-multiarch --enable-linker-build-id --with-system-zlib --libexecdir=/usr/lib --without-included-gettext --enable-threads=posix --with-gxx-include-dir=/usr/include/c++/4.4 --program-suffix=-4.4 --enable-nls --enable-clocale=gnu --enable-libstdcxx-debug --enable-plugin --enable-objc-gc --enable-targets=all --disable-werror --with-arch-32=i486 --with-tune=generic --enable-checking=release --build=i486-linux-gnu --host=i486-linux-gnu --target=i486-linux-gnu
Thread model: posix
gcc version 4.4.3 (Ubuntu 4.4.3-4ubuntu5) 
configure:4770: $? = 0
configure:4759: gcc -V >&5
gcc: '-V' option must have argument
configure:4770: $? = 1
configure:4759: gcc -qversion >&5
gcc: unrecognized option '-qversion'
gcc: no input files
configure:4770: $? = 1
configure:4774: checking whether we are using the GNU C compiler
configure:4802: result: yes
configure:4811: checking whether gcc accepts -g
configure:4872: result: yes
configure:4889: checking for gcc option to accept ISO C89
configure:4966: result: none needed
configure:4988: checking dependency style of gcc
configure:5098: result: gcc3
configure:5121: checking how to run the C preprocessor
configure:5152: gcc -E  conftest.c
configure:5152: $? = 0
configure:5166: gcc -E  conftest.c
conftest.c:11:28: error: ac_nonexistent.h: No such file or directory
configure:5166: $? = 1
configure: failed program was:
| /* confdefs.h */
| #define PACKAGE_NAME "foobar_cpp"
| #define PACKAGE_TARNAME "foobar_cpp"
| #define PACKAGE_VERSION "0.1"
| #define PACKAGE_STRING "foobar_cpp 0.1"
| #define PACKAGE_BUGREPORT ""
| #define PACKAGE_URL ""
| #define PACKAGE "foobar_cpp"
| #define VERSION "0.1"
| /* end confdefs.h.  */
| #include <ac_nonexistent.h>
configure:5191: result: gcc -E
configure:5211: gcc -E  conftest.c
configure:5211: $? = 0
configure:5225: gcc -E  conftest.c
conftest.c:11:28: error: ac_nonexistent.h: No such file or directory
configure:5225: $? = 1
configure: failed program was:
| /* confdefs.h */
| #define PACKAGE_NAME "foobar_cpp"
| #define PACKAGE_TARNAME "foobar_cpp"
| #define PACKAGE_VERSION "0.1"
| #define PACKAGE_STRING "foobar_cpp 0.1"
| #define PACKAGE_BUGREPORT ""
| #define PACKAGE_URL ""
| #define PACKAGE "foobar_cpp"
| #define VERSION "0.1"
| /* end confdefs.h.  */
| #include <ac_nonexistent.h>
configure:5254: checking for grep that handles long lines and -e
configure:5312: result: /bin/grep
configure:5317: checking for egrep
configure:5379: result: /bin/grep -E
configure:5384: checking for ANSI C header files
configure:5404: gcc -c -g -O0  conftest.c >&5
configure:5404: $? = 0
configure:5477: gcc -o conftest -g -O0   conftest.c  >&5
configure:5477: $? = 0
configure:5477: ./conftest
configure:5477: $? = 0
configure:5488: result: yes
configure:5512: checking for sys/types.h
configure:5512: gcc -c -g -O0  conftest.c >&5
configure:5512: $? = 0
configure:5512: result: yes
configure:5512: checking for sys/stat.h
configure:5512: gcc -c -g -O0  conftest.c >&5
configure:5512: $? = 0
configure:5512: result: yes
configure:5512: checking for stdlib.h
configure:5512: gcc -c -g -O0  conftest.c >&5
configure:5512: $? = 0
configure:5512: result: yes
configure:5512: checking for string.h
configure:5512: gcc -c -g -O0  conftest.c >&5
configure:5512: $? = 0
configure:5512: result: yes
configure:5512: checking for memory.h
configure:5512: gcc -c -g -O0  conftest.c >&5
configure:5512: $? = 0
configure:5512: result: yes
configure:5512: checking for strings.h
configure:5512: gcc -c -g -O0  conftest.c >&5
configure:5512: $? = 0
configure:5512: result: yes
configure:5512: checking for inttypes.h
configure:5512: gcc -c -g -O0  conftest.c >&5
configure:5512: $? = 0
configure:5512: result: yes
configure:5512: checking for stdint.h
configure:5512: gcc -c -g -O0  conftest.c >&5
configure:5512: $? = 0
configure:5512: result: yes
configure:5512: checking for unistd.h
configure:5512: gcc -c -g -O0  conftest.c >&5
configure:5512: $? = 0
configure:5512: result: yes
configure:5528: checking locale.h usability
configure:5528: gcc -c -g -O0  conftest.c >&5
configure:5528: $? = 0
configure:5528: result: yes
configure:5528: checking locale.h presence
configure:5528: gcc -E  conftest.c
configure:5528: $? = 0
configure:5528: result: yes
configure:5528: checking for locale.h
configure:5528: result: yes
configure:5539: checking for LC_MESSAGES
configure:5555: gcc -o conftest -g -O0   conftest.c  >&5
configure:5555: $? = 0
configure:5563: result: yes
configure:5580: checking libintl.h usability
configure:5580: gcc -c -g -O0  conftest.c >&5
configure:5580: $? = 0
configure:5580: result: yes
configure:5580: checking libintl.h presence
configure:5580: gcc -E  conftest.c
configure:5580: $? = 0
configure:5580: result: yes
configure:5580: checking for libintl.h
configure:5580: result: yes
configure:5588: checking for ngettext in libc
configure:5606: gcc -o conftest -g -O0   conftest.c  >&5
configure:5606: $? = 0
configure:5615: result: yes
configure:5619: checking for dgettext in libc
configure:5637: gcc -o conftest -g -O0   conftest.c  >&5
configure:5637: $? = 0
configure:5646: result: yes
configure:5653: checking for bind_textdomain_codeset
configure:5653: gcc -o conftest -g -O0   conftest.c  >&5
configure:5653: $? = 0
configure:5653: result: yes
configure:5929: checking for msgfmt
configure:5956: result: /usr/bin/msgfmt
configure:5967: checking for dcgettext
configure:5967: gcc -o conftest -g -O0   conftest.c   >&5
conftest.c:49: warning: conflicting types for built-in function 'dcgettext'
configure:5967: $? = 0
configure:5967: result: yes
configure:5977: checking if msgfmt accepts -c
configure:5992: $MSGFMT -c -o /dev/null conftest.foo
configure:5995: $? = 0
configure:5997: result: yes
configure:6007: checking for gmsgfmt
configure:6038: result: /usr/bin/msgfmt
configure:6048: checking for xgettext
configure:6075: result: /usr/bin/xgettext
configure:6094: gcc -o conftest -g -O0   conftest.c   >&5
configure:6094: $? = 0
configure:6230: checking whether NLS is requested
configure:6239: result: yes
configure:6254: checking for intltool >= 0.35.0
configure:6261: result: 0.41.0 found
configure:6269: checking for intltool-update
configure:6287: found /usr/bin/intltool-update
configure:6299: result: /usr/bin/intltool-update
configure:6309: checking for intltool-merge
configure:6327: found /usr/bin/intltool-merge
configure:6339: result: /usr/bin/intltool-merge
configure:6349: checking for intltool-extract
configure:6367: found /usr/bin/intltool-extract
configure:6379: result: /usr/bin/intltool-extract
configure:6510: checking for xgettext
configure:6540: result: /usr/bin/xgettext
configure:6550: checking for msgmerge
configure:6568: found /usr/bin/msgmerge
configure:6580: result: /usr/bin/msgmerge
configure:6590: checking for msgfmt
configure:6620: result: /usr/bin/msgfmt
configure:6630: checking for gmsgfmt
configure:6661: result: /usr/bin/msgfmt
configure:6681: checking for perl
configure:6699: found /usr/bin/perl
configure:6711: result: /usr/bin/perl
configure:6722: checking for perl >= 5.8.1
configure:6729: result: 5.10.1
configure:6733: checking for XML::Parser
configure:6736: result: ok
configure:6819: checking build system type
configure:6833: result: i686-pc-linux-gnu
configure:6853: checking host system type
configure:6866: result: i686-pc-linux-gnu
configure:6886: checking for a sed that does not truncate output
configure:6950: result: /bin/sed
configure:6968: checking for fgrep
configure:7030: result: /bin/grep -F
configure:7065: checking for ld used by gcc
configure:7132: result: /usr/bin/ld
configure:7139: checking if the linker (/usr/bin/ld) is GNU ld
configure:7154: result: yes
configure:7166: checking for BSD- or MS-compatible name lister (nm)
configure:7215: result: /usr/bin/nm -B
configure:7333: checking the name lister (/usr/bin/nm -B) interface
configure:7340: gcc -c -g -O0  conftest.c >&5
configure:7343: /usr/bin/nm -B "conftest.o"
configure:7346: output
00000000 B some_variable
configure:7353: result: BSD nm
configure:7356: checking whether ln -s works
configure:7360: result: yes
configure:7368: checking the maximum length of command line arguments
configure:7488: result: 805306365
configure:7505: checking whether the shell understands some XSI constructs
configure:7515: result: yes
configure:7519: checking whether the shell understands "+="
configure:7525: result: yes
configure:7560: checking for /usr/bin/ld option to reload object files
configure:7567: result: -r
configure:7636: checking for objdump
configure:7652: found /usr/bin/objdump
configure:7663: result: objdump
configure:7695: checking how to recognize dependent libraries
configure:7891: result: pass_all
configure:7951: checking for ar
configure:7967: found /usr/bin/ar
configure:7978: result: ar
configure:8056: checking for strip
configure:8072: found /usr/bin/strip
configure:8083: result: strip
configure:8155: checking for ranlib
configure:8171: found /usr/bin/ranlib
configure:8182: result: ranlib
configure:8272: checking command to parse /usr/bin/nm -B output from gcc object
configure:8390: gcc -c -g -O0  conftest.c >&5
configure:8393: $? = 0
configure:8397: /usr/bin/nm -B conftest.o \| sed -n -e 's/^.*[	 ]\([ABCDGIRSTW][ABCDGIRSTW]*\)[	 ][	 ]*\([_A-Za-z][_A-Za-z0-9]*\)$/\1 \2 \2/p' \> conftest.nm
configure:8400: $? = 0
configure:8454: gcc -o conftest -g -O0   conftest.c conftstm.o >&5
configure:8457: $? = 0
configure:8495: result: ok
configure:9300: checking for dlfcn.h
configure:9300: gcc -c -g -O0  conftest.c >&5
configure:9300: $? = 0
configure:9300: result: yes
configure:9425: checking for C++ compiler version
configure:9434: g++ --version >&5
g++ (Ubuntu 4.4.3-4ubuntu5) 4.4.3
Copyright (C) 2009 Free Software Foundation, Inc.
This is free software; see the source for copying conditions.  There is NO
warranty; not even for MERCHANTABILITY or FITNESS FOR A PARTICULAR PURPOSE.

configure:9445: $? = 0
configure:9434: g++ -v >&5
Using built-in specs.
Target: i486-linux-gnu
Configured with: ../src/configure -v --with-pkgversion='Ubuntu 4.4.3-4ubuntu5' --with-bugurl=file:///usr/share/doc/gcc-4.4/README.Bugs --enable-languages=c,c++,fortran,objc,obj-c++ --prefix=/usr --enable-shared --enable-multiarch --enable-linker-build-id --with-system-zlib --libexecdir=/usr/lib --without-included-gettext --enable-threads=posix --with-gxx-include-dir=/usr/include/c++/4.4 --program-suffix=-4.4 --enable-nls --enable-clocale=gnu --enable-libstdcxx-debug --enable-plugin --enable-objc-gc --enable-targets=all --disable-werror --with-arch-32=i486 --with-tune=generic --enable-checking=release --build=i486-linux-gnu --host=i486-linux-gnu --target=i486-linux-gnu
Thread model: posix
gcc version 4.4.3 (Ubuntu 4.4.3-4ubuntu5) 
configure:9445: $? = 0
configure:9434: g++ -V >&5
g++: '-V' option must have argument
configure:9445: $? = 1
configure:9434: g++ -qversion >&5
g++: unrecognized option '-qversion'
g++: no input files
configure:9445: $? = 1
configure:9449: checking whether we are using the GNU C++ compiler
configure:9477: result: yes
configure:9486: checking whether g++ accepts -g
configure:9547: result: yes
configure:9572: checking dependency style of g++
configure:9682: result: gcc3
configure:9705: checking how to run the C++ preprocessor
configure:9732: g++ -E  conftest.cpp
configure:9732: $? = 0
configure:9746: g++ -E  conftest.cpp
conftest.cpp:29:28: error: ac_nonexistent.h: No such file or directory
configure:9746: $? = 1
configure: failed program was:
| /* confdefs.h */
| #define PACKAGE_NAME "foobar_cpp"
| #define PACKAGE_TARNAME "foobar_cpp"
| #define PACKAGE_VERSION "0.1"
| #define PACKAGE_STRING "foobar_cpp 0.1"
| #define PACKAGE_BUGREPORT ""
| #define PACKAGE_URL ""
| #define PACKAGE "foobar_cpp"
| #define VERSION "0.1"
| #define STDC_HEADERS 1
| #define GETTEXT_PACKAGE "foobar_cpp"
| #define HAVE_SYS_TYPES_H 1
| #define HAVE_SYS_STAT_H 1
| #define HAVE_STDLIB_H 1
| #define HAVE_STRING_H 1
| #define HAVE_MEMORY_H 1
| #define HAVE_STRINGS_H 1
| #define HAVE_INTTYPES_H 1
| #define HAVE_STDINT_H 1
| #define HAVE_UNISTD_H 1
| #define HAVE_LOCALE_H 1
| #define HAVE_LC_MESSAGES 1
| #define HAVE_BIND_TEXTDOMAIN_CODESET 1
| #define HAVE_GETTEXT 1
| #define HAVE_DCGETTEXT 1
| #define ENABLE_NLS 1
| #define HAVE_DLFCN_H 1
| /* end confdefs.h.  */
| #include <ac_nonexistent.h>
configure:9771: result: g++ -E
configure:9791: g++ -E  conftest.cpp
configure:9791: $? = 0
configure:9805: g++ -E  conftest.cpp
conftest.cpp:29:28: error: ac_nonexistent.h: No such file or directory
configure:9805: $? = 1
configure: failed program was:
| /* confdefs.h */
| #define PACKAGE_NAME "foobar_cpp"
| #define PACKAGE_TARNAME "foobar_cpp"
| #define PACKAGE_VERSION "0.1"
| #define PACKAGE_STRING "foobar_cpp 0.1"
| #define PACKAGE_BUGREPORT ""
| #define PACKAGE_URL ""
| #define PACKAGE "foobar_cpp"
| #define VERSION "0.1"
| #define STDC_HEADERS 1
| #define GETTEXT_PACKAGE "foobar_cpp"
| #define HAVE_SYS_TYPES_H 1
| #define HAVE_SYS_STAT_H 1
| #define HAVE_STDLIB_H 1
| #define HAVE_STRING_H 1
| #define HAVE_MEMORY_H 1
| #define HAVE_STRINGS_H 1
| #define HAVE_INTTYPES_H 1
| #define HAVE_STDINT_H 1
| #define HAVE_UNISTD_H 1
| #define HAVE_LOCALE_H 1
| #define HAVE_LC_MESSAGES 1
| #define HAVE_BIND_TEXTDOMAIN_CODESET 1
| #define HAVE_GETTEXT 1
| #define HAVE_DCGETTEXT 1
| #define ENABLE_NLS 1
| #define HAVE_DLFCN_H 1
| /* end confdefs.h.  */
| #include <ac_nonexistent.h>
configure:10011: checking for objdir
configure:10026: result: .libs
configure:10318: checking if gcc supports -fno-rtti -fno-exceptions
configure:10336: gcc -c -g -O0  -fno-rtti -fno-exceptions conftest.c >&5
cc1: warning: command line option "-fno-rtti" is valid for C++/ObjC++ but not for C
configure:10340: $? = 0
configure:10353: result: no
configure:10373: checking for gcc option to produce PIC
configure:10645: result: -fPIC -DPIC
configure:10657: checking if gcc PIC flag -fPIC -DPIC works
configure:10675: gcc -c -g -O0  -fPIC -DPIC -DPIC conftest.c >&5
configure:10679: $? = 0
configure:10692: result: yes
configure:10716: checking if gcc static flag -static works
configure:10744: result: yes
configure:10759: checking if gcc supports -c -o file.o
configure:10780: gcc -c -g -O0  -o out/conftest2.o conftest.c >&5
configure:10784: $? = 0
configure:10806: result: yes
configure:10814: checking if gcc supports -c -o file.o
configure:10861: result: yes
configure:10894: checking whether the gcc linker (/usr/bin/ld) supports shared libraries
configure:11885: result: yes
configure:11922: checking whether -lc should be explicitly linked in
configure:11927: gcc -c -g -O0  conftest.c >&5
configure:11930: $? = 0
configure:11945: gcc -shared conftest.o  -v -Wl,-soname -Wl,conftest -o conftest 2\>\&1 \| /bin/grep  -lc  \>/dev/null 2\>\&1
configure:11948: $? = 0
configure:11960: result: no
configure:12124: checking dynamic linker characteristics
configure:12557: gcc -o conftest -g -O0   -Wl,-rpath -Wl,/foo conftest.c  >&5
configure:12557: $? = 0
configure:12787: result: GNU/Linux ld.so
configure:12889: checking how to hardcode library paths into programs
configure:12914: result: immediate
configure:13434: checking whether stripping libraries is possible
configure:13439: result: yes
configure:13474: checking if libtool supports shared libraries
configure:13476: result: yes
configure:13479: checking whether to build shared libraries
configure:13500: result: yes
configure:13503: checking whether to build static libraries
configure:13507: result: yes
configure:13657: checking for ld used by g++
configure:13724: result: /usr/bin/ld
configure:13731: checking if the linker (/usr/bin/ld) is GNU ld
configure:13746: result: yes
configure:13801: checking whether the g++ linker (/usr/bin/ld) supports shared libraries
configure:14714: result: yes
configure:14742: g++ -c -g -O0  conftest.cpp >&5
configure:14745: $? = 0
configure:14927: checking for g++ option to produce PIC
configure:15244: result: -fPIC -DPIC
configure:15253: checking if g++ PIC flag -fPIC -DPIC works
configure:15271: g++ -c -g -O0  -fPIC -DPIC -DPIC conftest.cpp >&5
configure:15275: $? = 0
configure:15288: result: yes
configure:15309: checking if g++ static flag -static works
configure:15337: result: yes
configure:15349: checking if g++ supports -c -o file.o
configure:15370: g++ -c -g -O0  -o out/conftest2.o conftest.cpp >&5
configure:15374: $? = 0
configure:15396: result: yes
configure:15401: checking if g++ supports -c -o file.o
configure:15448: result: yes
configure:15478: checking whether the g++ linker (/usr/bin/ld) supports shared libraries
configure:15507: result: yes
configure:15644: checking dynamic linker characteristics
configure:16025: g++ -o conftest -g -O0   -Wl,-rpath -Wl,/foo conftest.cpp  >&5
configure:16025: $? = 0
configure:16255: result: GNU/Linux ld.so
configure:16306: checking how to hardcode library paths into programs
configure:16331: result: immediate
configure:16534: creating ./config.status

## ---------------- ##
## Cache variables. ##
## ---------------- ##

ac_cv_build=i686-pc-linux-gnu
ac_cv_c_compiler_gnu=yes
ac_cv_cxx_compiler_gnu=yes
ac_cv_env_CCC_set=
ac_cv_env_CCC_value=
ac_cv_env_CC_set=
ac_cv_env_CC_value=
ac_cv_env_CFLAGS_set=set
ac_cv_env_CFLAGS_value='-g -O0'
ac_cv_env_CPPFLAGS_set=
ac_cv_env_CPPFLAGS_value=
ac_cv_env_CPP_set=
ac_cv_env_CPP_value=
ac_cv_env_CXXCPP_set=
ac_cv_env_CXXCPP_value=
ac_cv_env_CXXFLAGS_set=set
ac_cv_env_CXXFLAGS_value='-g -O0'
ac_cv_env_CXX_set=
ac_cv_env_CXX_value=
ac_cv_env_LDFLAGS_set=
ac_cv_env_LDFLAGS_value=
ac_cv_env_LIBS_set=
ac_cv_env_LIBS_value=
ac_cv_env_build_alias_set=
ac_cv_env_build_alias_value=
ac_cv_env_host_alias_set=
ac_cv_env_host_alias_value=
ac_cv_env_target_alias_set=
ac_cv_env_target_alias_value=
ac_cv_func_bind_textdomain_codeset=yes
ac_cv_func_dcgettext=yes
ac_cv_header_dlfcn_h=yes
ac_cv_header_inttypes_h=yes
ac_cv_header_libintl_h=yes
ac_cv_header_locale_h=yes
ac_cv_header_memory_h=yes
ac_cv_header_stdc=yes
ac_cv_header_stdint_h=yes
ac_cv_header_stdlib_h=yes
ac_cv_header_string_h=yes
ac_cv_header_strings_h=yes
ac_cv_header_sys_stat_h=yes
ac_cv_header_sys_types_h=yes
ac_cv_header_unistd_h=yes
ac_cv_host=i686-pc-linux-gnu
ac_cv_objext=o
ac_cv_path_EGREP='/bin/grep -E'
ac_cv_path_FGREP='/bin/grep -F'
ac_cv_path_GMSGFMT=/usr/bin/msgfmt
ac_cv_path_GREP=/bin/grep
ac_cv_path_INTLTOOL_EXTRACT=/usr/bin/intltool-extract
ac_cv_path_INTLTOOL_MERGE=/usr/bin/intltool-merge
ac_cv_path_INTLTOOL_PERL=/usr/bin/perl
ac_cv_path_INTLTOOL_UPDATE=/usr/bin/intltool-update
ac_cv_path_MSGFMT=/usr/bin/msgfmt
ac_cv_path_MSGMERGE=/usr/bin/msgmerge
ac_cv_path_SED=/bin/sed
ac_cv_path_XGETTEXT=/usr/bin/xgettext
ac_cv_path_install='/usr/bin/install -c'
ac_cv_path_mkdir=/bin/mkdir
ac_cv_prog_AWK=gawk
ac_cv_prog_CPP='gcc -E'
ac_cv_prog_CXXCPP='g++ -E'
ac_cv_prog_ac_ct_AR=ar
ac_cv_prog_ac_ct_CC=gcc
ac_cv_prog_ac_ct_CXX=g++
ac_cv_prog_ac_ct_OBJDUMP=objdump
ac_cv_prog_ac_ct_RANLIB=ranlib
ac_cv_prog_ac_ct_STRIP=strip
ac_cv_prog_cc_c89=
ac_cv_prog_cc_g=yes
ac_cv_prog_cxx_g=yes
ac_cv_prog_make_make_set=yes
ac_cv_search_strerror='none required'
am_cv_CC_dependencies_compiler_type=gcc3
am_cv_CXX_dependencies_compiler_type=gcc3
am_cv_prog_cc_stdc=
am_cv_val_LC_MESSAGES=yes
gt_cv_func_dgettext_libc=yes
gt_cv_func_dgettext_libintl=no
gt_cv_func_ngettext_libc=yes
gt_cv_have_gettext=yes
lt_cv_deplibs_check_method=pass_all
lt_cv_file_magic_cmd='$MAGIC_CMD'
lt_cv_file_magic_test_file=
lt_cv_ld_reload_flag=-r
lt_cv_nm_interface='BSD nm'
lt_cv_objdir=.libs
lt_cv_path_LD=/usr/bin/ld
lt_cv_path_LDCXX=/usr/bin/ld
lt_cv_path_NM='/usr/bin/nm -B'
lt_cv_prog_compiler_c_o=yes
lt_cv_prog_compiler_c_o_CXX=yes
lt_cv_prog_compiler_pic_works=yes
lt_cv_prog_compiler_pic_works_CXX=yes
lt_cv_prog_compiler_rtti_exceptions=no
lt_cv_prog_compiler_static_works=yes
lt_cv_prog_compiler_static_works_CXX=yes
lt_cv_prog_gnu_ld=yes
lt_cv_prog_gnu_ldcxx=yes
lt_cv_sys_global_symbol_pipe='sed -n -e '\''s/^.*[	 ]\([ABCDGIRSTW][ABCDGIRSTW]*\)[	 ][	 ]*\([_A-Za-z][_A-Za-z0-9]*\)$/\1 \2 \2/p'\'''
lt_cv_sys_global_symbol_to_c_name_address='sed -n -e '\''s/^: \([^ ]*\) $/  {\"\1\", (void *) 0},/p'\'' -e '\''s/^[ABCDGIRSTW]* \([^ ]*\) \([^ ]*\)$/  {"\2", (void *) \&\2},/p'\'''
lt_cv_sys_global_symbol_to_c_name_address_lib_prefix='sed -n -e '\''s/^: \([^ ]*\) $/  {\"\1\", (void *) 0},/p'\'' -e '\''s/^[ABCDGIRSTW]* \([^ ]*\) \(lib[^ ]*\)$/  {"\2", (void *) \&\2},/p'\'' -e '\''s/^[ABCDGIRSTW]* \([^ ]*\) \([^ ]*\)$/  {"lib\2", (void *) \&\2},/p'\'''
lt_cv_sys_global_symbol_to_cdecl='sed -n -e '\''s/^T .* \(.*\)$/extern int \1();/p'\'' -e '\''s/^[ABCDGIRSTW]* .* \(.*\)$/extern char \1;/p'\'''
lt_cv_sys_max_cmd_len=805306365

## ----------------- ##
## Output variables. ##
## ----------------- ##

ACLOCAL='${SHELL} /home/reza/foobar-cpp/missing --run aclocal-1.11'
ALL_LINGUAS=''
AMDEPBACKSLASH='\'
AMDEP_FALSE='#'
AMDEP_TRUE=''
AMTAR='${SHELL} /home/reza/foobar-cpp/missing --run tar'
AM_BACKSLASH='\'
AM_DEFAULT_VERBOSITY='0'
AR='ar'
AUTOCONF='${SHELL} /home/reza/foobar-cpp/missing --run autoconf'
AUTOHEADER='${SHELL} /home/reza/foobar-cpp/missing --run autoheader'
AUTOMAKE='${SHELL} /home/reza/foobar-cpp/missing --run automake-1.11'
AWK='gawk'
CATALOGS=''
CATOBJEXT='.gmo'
CC='gcc'
CCDEPMODE='depmode=gcc3'
CFLAGS='-g -O0'
CPP='gcc -E'
CPPFLAGS=''
CXX='g++'
CXXCPP='g++ -E'
CXXDEPMODE='depmode=gcc3'
CXXFLAGS='-g -O0'
CYGPATH_W='echo'
DATADIRNAME='share'
DEFS='-DHAVE_CONFIG_H'
DEPDIR='.deps'
DSYMUTIL=''
DUMPBIN=''
ECHO_C=''
ECHO_N='-n'
ECHO_T=''
EGREP='/bin/grep -E'
EXEEXT=''
FGREP='/bin/grep -F'
GETTEXT_PACKAGE='foobar_cpp'
GMOFILES=''
GMSGFMT='/usr/bin/msgfmt'
GREP='/bin/grep'
INSTALL_DATA='${INSTALL} -m 644'
INSTALL_PROGRAM='${INSTALL}'
INSTALL_SCRIPT='${INSTALL}'
INSTALL_STRIP_PROGRAM='$(install_sh) -c -s'
INSTOBJEXT='.mo'
INTLLIBS=''
INTLTOOL_CAVES_RULE='%.caves:     %.caves.in     $(INTLTOOL_MERGE) $(wildcard $(top_srcdir)/po/*.po) ; LC_ALL=C $(INTLTOOL_MERGE) -d -u -c $(top_builddir)/po/.intltool-merge-cache $(top_srcdir)/po $< $@'
INTLTOOL_DESKTOP_RULE='%.desktop:   %.desktop.in   $(INTLTOOL_MERGE) $(wildcard $(top_srcdir)/po/*.po) ; LC_ALL=C $(INTLTOOL_MERGE) -d -u -c $(top_builddir)/po/.intltool-merge-cache $(top_srcdir)/po $< $@'
INTLTOOL_DIRECTORY_RULE='%.directory: %.directory.in $(INTLTOOL_MERGE) $(wildcard $(top_srcdir)/po/*.po) ; LC_ALL=C $(INTLTOOL_MERGE) -d -u -c $(top_builddir)/po/.intltool-merge-cache $(top_srcdir)/po $< $@'
INTLTOOL_EXTRACT='/usr/bin/intltool-extract'
INTLTOOL_KBD_RULE='%.kbd:       %.kbd.in       $(INTLTOOL_MERGE) $(wildcard $(top_srcdir)/po/*.po) ; LC_ALL=C $(INTLTOOL_MERGE) -x -u -m -c $(top_builddir)/po/.intltool-merge-cache $(top_srcdir)/po $< $@'
INTLTOOL_KEYS_RULE='%.keys:      %.keys.in      $(INTLTOOL_MERGE) $(wildcard $(top_srcdir)/po/*.po) ; LC_ALL=C $(INTLTOOL_MERGE) -k -u -c $(top_builddir)/po/.intltool-merge-cache $(top_srcdir)/po $< $@'
INTLTOOL_MERGE='/usr/bin/intltool-merge'
INTLTOOL_OAF_RULE='%.oaf:       %.oaf.in       $(INTLTOOL_MERGE) $(wildcard $(top_srcdir)/po/*.po) ; LC_ALL=C $(INTLTOOL_MERGE) -o -p $(top_srcdir)/po $< $@'
INTLTOOL_PERL='/usr/bin/perl'
INTLTOOL_POLICY_RULE='%.policy:    %.policy.in    $(INTLTOOL_MERGE) $(wildcard $(top_srcdir)/po/*.po) ; LC_ALL=C $(INTLTOOL_MERGE) -x -u -c $(top_builddir)/po/.intltool-merge-cache $(top_srcdir)/po $< $@'
INTLTOOL_PONG_RULE='%.pong:      %.pong.in      $(INTLTOOL_MERGE) $(wildcard $(top_srcdir)/po/*.po) ; LC_ALL=C $(INTLTOOL_MERGE) -x -u -c $(top_builddir)/po/.intltool-merge-cache $(top_srcdir)/po $< $@'
INTLTOOL_PROP_RULE='%.prop:      %.prop.in      $(INTLTOOL_MERGE) $(wildcard $(top_srcdir)/po/*.po) ; LC_ALL=C $(INTLTOOL_MERGE) -d -u -c $(top_builddir)/po/.intltool-merge-cache $(top_srcdir)/po $< $@'
INTLTOOL_SCHEMAS_RULE='%.schemas:   %.schemas.in   $(INTLTOOL_MERGE) $(wildcard $(top_srcdir)/po/*.po) ; LC_ALL=C $(INTLTOOL_MERGE) -s -u -c $(top_builddir)/po/.intltool-merge-cache $(top_srcdir)/po $< $@'
INTLTOOL_SERVER_RULE='%.server:    %.server.in    $(INTLTOOL_MERGE) $(wildcard $(top_srcdir)/po/*.po) ; LC_ALL=C $(INTLTOOL_MERGE) -o -u -c $(top_builddir)/po/.intltool-merge-cache $(top_srcdir)/po $< $@'
INTLTOOL_SERVICE_RULE='%.service: %.service.in   $(INTLTOOL_MERGE) $(wildcard $(top_srcdir)/po/*.po) ; LC_ALL=C $(INTLTOOL_MERGE) -d -u -c $(top_builddir)/po/.intltool-merge-cache $(top_srcdir)/po $< $@'
INTLTOOL_SHEET_RULE='%.sheet:     %.sheet.in     $(INTLTOOL_MERGE) $(wildcard $(top_srcdir)/po/*.po) ; LC_ALL=C $(INTLTOOL_MERGE) -x -u -c $(top_builddir)/po/.intltool-merge-cache $(top_srcdir)/po $< $@'
INTLTOOL_SOUNDLIST_RULE='%.soundlist: %.soundlist.in $(INTLTOOL_MERGE) $(wildcard $(top_srcdir)/po/*.po) ; LC_ALL=C $(INTLTOOL_MERGE) -d -u -c $(top_builddir)/po/.intltool-merge-cache $(top_srcdir)/po $< $@'
INTLTOOL_THEME_RULE='%.theme:     %.theme.in     $(INTLTOOL_MERGE) $(wildcard $(top_srcdir)/po/*.po) ; LC_ALL=C $(INTLTOOL_MERGE) -d -u -c $(top_builddir)/po/.intltool-merge-cache $(top_srcdir)/po $< $@'
INTLTOOL_UI_RULE='%.ui:        %.ui.in        $(INTLTOOL_MERGE) $(wildcard $(top_srcdir)/po/*.po) ; LC_ALL=C $(INTLTOOL_MERGE) -x -u -c $(top_builddir)/po/.intltool-merge-cache $(top_srcdir)/po $< $@'
INTLTOOL_UPDATE='/usr/bin/intltool-update'
INTLTOOL_XAM_RULE='%.xam:       %.xml.in       $(INTLTOOL_MERGE) $(wildcard $(top_srcdir)/po/*.po) ; LC_ALL=C $(INTLTOOL_MERGE) -x -u -c $(top_builddir)/po/.intltool-merge-cache $(top_srcdir)/po $< $@'
INTLTOOL_XML_NOMERGE_RULE='%.xml:       %.xml.in       $(INTLTOOL_MERGE) ; LC_ALL=C $(INTLTOOL_MERGE) -x -u /tmp $< $@'
INTLTOOL_XML_RULE='%.xml:       %.xml.in       $(INTLTOOL_MERGE) $(wildcard $(top_srcdir)/po/*.po) ; LC_ALL=C $(INTLTOOL_MERGE) -x -u -c $(top_builddir)/po/.intltool-merge-cache $(top_srcdir)/po $< $@'
LD='/usr/bin/ld'
LDFLAGS=''
LIBOBJS=''
LIBS=''
LIBTOOL='$(SHELL) $(top_builddir)/libtool'
LIPO=''
LN_S='ln -s'
LTLIBOBJS=''
MAINT=''
MAINTAINER_MODE_FALSE='#'
MAINTAINER_MODE_TRUE=''
MAKEINFO='${SHELL} /home/reza/foobar-cpp/missing --run makeinfo'
MKDIR_P='/bin/mkdir -p'
MKINSTALLDIRS='/home/reza/foobar-cpp/mkinstalldirs'
MSGFMT='/usr/bin/msgfmt'
MSGFMT_OPTS='-c'
MSGMERGE='/usr/bin/msgmerge'
NM='/usr/bin/nm -B'
NMEDIT=''
OBJDUMP='objdump'
OBJEXT='o'
OTOOL64=''
OTOOL=''
PACKAGE='foobar_cpp'
PACKAGE_BUGREPORT=''
PACKAGE_NAME='foobar_cpp'
PACKAGE_STRING='foobar_cpp 0.1'
PACKAGE_TARNAME='foobar_cpp'
PACKAGE_URL=''
PACKAGE_VERSION='0.1'
PATH_SEPARATOR=':'
POFILES=''
POSUB='po'
PO_IN_DATADIR_FALSE=''
PO_IN_DATADIR_TRUE=''
RANLIB='ranlib'
SED='/bin/sed'
SET_MAKE=''
SHELL='/bin/bash'
STRIP='strip'
USE_NLS='yes'
VERSION='0.1'
XGETTEXT='/usr/bin/xgettext'
ac_ct_CC='gcc'
ac_ct_CXX='g++'
ac_ct_DUMPBIN=''
am__EXEEXT_FALSE=''
am__EXEEXT_TRUE='#'
am__fastdepCC_FALSE='#'
am__fastdepCC_TRUE=''
am__fastdepCXX_FALSE='#'
am__fastdepCXX_TRUE=''
am__include='include'
am__isrc=' -I$(srcdir)'
am__leading_dot='.'
am__quote=''
am__tar='${AMTAR} chof - "$$tardir"'
am__untar='${AMTAR} xf -'
bindir='${exec_prefix}/bin'
build='i686-pc-linux-gnu'
build_alias=''
build_cpu='i686'
build_os='linux-gnu'
build_vendor='pc'
datadir='${datarootdir}'
datarootdir='${prefix}/share'
docdir='${datarootdir}/doc/${PACKAGE_TARNAME}'
dvidir='${docdir}'
exec_prefix='${prefix}'
host='i686-pc-linux-gnu'
host_alias=''
host_cpu='i686'
host_os='linux-gnu'
host_vendor='pc'
htmldir='${docdir}'
includedir='${prefix}/include'
infodir='${datarootdir}/info'
install_sh='${SHELL} /home/reza/foobar-cpp/install-sh'
libdir='${exec_prefix}/lib'
libexecdir='${exec_prefix}/libexec'
localedir='${datarootdir}/locale'
localstatedir='${prefix}/var'
lt_ECHO='echo'
mandir='${datarootdir}/man'
mkdir_p='/bin/mkdir -p'
oldincludedir='/usr/include'
pdfdir='${docdir}'
prefix='/usr/local'
program_transform_name='s,x,x,'
psdir='${docdir}'
sbindir='${exec_prefix}/sbin'
sharedstatedir='${prefix}/com'
sysconfdir='${prefix}/etc'
target_alias=''

## ----------- ##
## confdefs.h. ##
## ----------- ##

/* confdefs.h */
#define PACKAGE_NAME "foobar_cpp"
#define PACKAGE_TARNAME "foobar_cpp"
#define PACKAGE_VERSION "0.1"
#define PACKAGE_STRING "foobar_cpp 0.1"
#define PACKAGE_BUGREPORT ""
#define PACKAGE_URL ""
#define PACKAGE "foobar_cpp"
#define VERSION "0.1"
#define STDC_HEADERS 1
#define GETTEXT_PACKAGE "foobar_cpp"
#define HAVE_SYS_TYPES_H 1
#define HAVE_SYS_STAT_H 1
#define HAVE_STDLIB_H 1
#define HAVE_STRING_H 1
#define HAVE_MEMORY_H 1
#define HAVE_STRINGS_H 1
#define HAVE_INTTYPES_H 1
#define HAVE_STDINT_H 1
#define HAVE_UNISTD_H 1
#define HAVE_LOCALE_H 1
#define HAVE_LC_MESSAGES 1
#define HAVE_BIND_TEXTDOMAIN_CODESET 1
#define HAVE_GETTEXT 1
#define HAVE_DCGETTEXT 1
#define ENABLE_NLS 1
#define HAVE_DLFCN_H 1
#define LT_OBJDIR ".libs/"

configure: exit 0

## ---------------------- ##
## Running config.status. ##
## ---------------------- ##

This file was extended by foobar_cpp config.status 0.1, which was
generated by GNU Autoconf 2.65.  Invocation command line was

  CONFIG_FILES    = 
  CONFIG_HEADERS  = 
  CONFIG_LINKS    = 
  CONFIG_COMMANDS = 
  $ ./config.status 

on reza-desktop

config.status:1201: creating Makefile
config.status:1201: creating src/Makefile
config.status:1201: creating po/Makefile.in
config.status:1201: creating Inventor/Makefile
config.status:1201: creating config.h
config.status:1366: config.h is unchanged
config.status:1414: executing depfiles commands
config.status:1414: executing default-1 commands
config.status:1414: executing libtool commands
config.status:1414: executing po/stamp-it commands

## ---------------------- ##
## Running config.status. ##
## ---------------------- ##

This file was extended by foobar_cpp config.status 0.1, which was
generated by GNU Autoconf 2.65.  Invocation command line was

  CONFIG_FILES    = 
  CONFIG_HEADERS  = 
  CONFIG_LINKS    = 
  CONFIG_COMMANDS = 
  $ ./config.status config.h

on reza-desktop

config.status:1201: creating config.h
config.status:1366: config.h is unchanged

## ---------------------- ##
## Running config.status. ##
## ---------------------- ##

This file was extended by foobar_cpp config.status 0.1, which was
generated by GNU Autoconf 2.65.  Invocation command line was

  CONFIG_FILES    = 
  CONFIG_HEADERS  = 
  CONFIG_LINKS    = 
  CONFIG_COMMANDS = 
  $ ./config.status src/Makefile depfiles

on reza-desktop

config.status:1201: creating src/Makefile
config.status:1414: executing depfiles commands

## ---------------------- ##
## Running config.status. ##
## ---------------------- ##

This file was extended by foobar_cpp config.status 0.1, which was
generated by GNU Autoconf 2.65.  Invocation command line was

  CONFIG_FILES    = 
  CONFIG_HEADERS  = 
  CONFIG_LINKS    = 
  CONFIG_COMMANDS = 
  $ ./config.status src/Makefile depfiles

on reza-desktop

config.status:1201: creating src/Makefile
config.status:1414: executing depfiles commands

## ---------------------- ##
## Running config.status. ##
## ---------------------- ##

This file was extended by foobar_cpp config.status 0.1, which was
generated by GNU Autoconf 2.65.  Invocation command line was

  CONFIG_FILES    = 
  CONFIG_HEADERS  = 
  CONFIG_LINKS    = 
  CONFIG_COMMANDS = 
  $ ./config.status src/Makefile depfiles

on reza-desktop

config.status:1201: creating src/Makefile
config.status:1414: executing depfiles commands

## ---------------------- ##
## Running config.status. ##
## ---------------------- ##

This file was extended by foobar_cpp config.status 0.1, which was
generated by GNU Autoconf 2.65.  Invocation command line was

  CONFIG_FILES    = 
  CONFIG_HEADERS  = 
  CONFIG_LINKS    = 
  CONFIG_COMMANDS = 
  $ ./config.status src/Makefile depfiles

on reza-desktop

config.status:1201: creating src/Makefile
config.status:1414: executing depfiles commands

## ---------------------- ##
## Running config.status. ##
## ---------------------- ##

This file was extended by foobar_cpp config.status 0.1, which was
generated by GNU Autoconf 2.65.  Invocation command line was

  CONFIG_FILES    = 
  CONFIG_HEADERS  = 
  CONFIG_LINKS    = 
  CONFIG_COMMANDS = 
  $ ./config.status src/Makefile depfiles

on reza-desktop

config.status:1201: creating src/Makefile
config.status:1414: executing depfiles commands

## ---------------------- ##
## Running config.status. ##
## ---------------------- ##

This file was extended by foobar_cpp config.status 0.1, which was
generated by GNU Autoconf 2.65.  Invocation command line was

  CONFIG_FILES    = 
  CONFIG_HEADERS  = 
  CONFIG_LINKS    = 
  CONFIG_COMMANDS = 
  $ ./config.status src/Makefile depfiles

on reza-desktop

config.status:1201: creating src/Makefile
config.status:1414: executing depfiles commands

## ---------------------- ##
## Running config.status. ##
## ---------------------- ##

This file was extended by foobar_cpp config.status 0.1, which was
generated by GNU Autoconf 2.65.  Invocation command line was

  CONFIG_FILES    = 
  CONFIG_HEADERS  = 
  CONFIG_LINKS    = 
  CONFIG_COMMANDS = 
  $ ./config.status src/Makefile depfiles

on reza-desktop

config.status:1201: creating src/Makefile
config.status:1414: executing depfiles commands

## ---------------------- ##
## Running config.status. ##
## ---------------------- ##

This file was extended by foobar_cpp config.status 0.1, which was
generated by GNU Autoconf 2.65.  Invocation command line was

  CONFIG_FILES    = 
  CONFIG_HEADERS  = 
  CONFIG_LINKS    = 
  CONFIG_COMMANDS = 
  $ ./config.status src/Makefile depfiles

on reza-desktop

config.status:1201: creating src/Makefile
config.status:1414: executing depfiles commands

## ---------------------- ##
## Running config.status. ##
## ---------------------- ##

This file was extended by foobar_cpp config.status 0.1, which was
generated by GNU Autoconf 2.65.  Invocation command line was

  CONFIG_FILES    = 
  CONFIG_HEADERS  = 
  CONFIG_LINKS    = 
  CONFIG_COMMANDS = 
  $ ./config.status src/Makefile depfiles

on reza-desktop

config.status:1201: creating src/Makefile
config.status:1414: executing depfiles commands

## ---------------------- ##
## Running config.status. ##
## ---------------------- ##

This file was extended by foobar_cpp config.status 0.1, which was
generated by GNU Autoconf 2.65.  Invocation command line was

  CONFIG_FILES    = 
  CONFIG_HEADERS  = 
  CONFIG_LINKS    = 
  CONFIG_COMMANDS = 
  $ ./config.status src/Makefile depfiles

on reza-desktop

config.status:1201: creating src/Makefile
config.status:1414: executing depfiles commands

## ---------------------- ##
## Running config.status. ##
## ---------------------- ##

This file was extended by foobar_cpp config.status 0.1, which was
generated by GNU Autoconf 2.65.  Invocation command line was

  CONFIG_FILES    = 
  CONFIG_HEADERS  = 
  CONFIG_LINKS    = 
  CONFIG_COMMANDS = 
  $ ./config.status src/Makefile depfiles

on reza-desktop

config.status:1201: creating src/Makefile
config.status:1414: executing depfiles commands

## ---------------------- ##
## Running config.status. ##
## ---------------------- ##

This file was extended by foobar_cpp config.status 0.1, which was
generated by GNU Autoconf 2.65.  Invocation command line was

  CONFIG_FILES    = 
  CONFIG_HEADERS  = 
  CONFIG_LINKS    = 
  CONFIG_COMMANDS = 
  $ ./config.status src/Makefile depfiles

on reza-desktop

config.status:1201: creating src/Makefile
config.status:1414: executing depfiles commands

## ---------------------- ##
## Running config.status. ##
## ---------------------- ##

This file was extended by foobar_cpp config.status 0.1, which was
generated by GNU Autoconf 2.65.  Invocation command line was

  CONFIG_FILES    = 
  CONFIG_HEADERS  = 
  CONFIG_LINKS    = 
  CONFIG_COMMANDS = 
  $ ./config.status src/Makefile depfiles

on reza-desktop

config.status:1201: creating src/Makefile
config.status:1414: executing depfiles commands

## ---------------------- ##
## Running config.status. ##
## ---------------------- ##

This file was extended by foobar_cpp config.status 0.1, which was
generated by GNU Autoconf 2.65.  Invocation command line was

  CONFIG_FILES    = 
  CONFIG_HEADERS  = 
  CONFIG_LINKS    = 
  CONFIG_COMMANDS = 
  $ ./config.status src/Makefile depfiles

on reza-desktop

config.status:1201: creating src/Makefile
config.status:1414: executing depfiles commands

## ---------------------- ##
## Running config.status. ##
## ---------------------- ##

This file was extended by foobar_cpp config.status 0.1, which was
generated by GNU Autoconf 2.65.  Invocation command line was

  CONFIG_FILES    = 
  CONFIG_HEADERS  = 
  CONFIG_LINKS    = 
  CONFIG_COMMANDS = 
  $ ./config.status src/Makefile depfiles

on reza-desktop

config.status:1201: creating src/Makefile
config.status:1414: executing depfiles commands

## ---------------------- ##
## Running config.status. ##
## ---------------------- ##

This file was extended by foobar_cpp config.status 0.1, which was
generated by GNU Autoconf 2.65.  Invocation command line was

  CONFIG_FILES    = 
  CONFIG_HEADERS  = 
  CONFIG_LINKS    = 
  CONFIG_COMMANDS = 
  $ ./config.status src/Makefile depfiles

on reza-desktop

config.status:1201: creating src/Makefile
config.status:1414: executing depfiles commands

## ---------------------- ##
## Running config.status. ##
## ---------------------- ##

This file was extended by foobar_cpp config.status 0.1, which was
generated by GNU Autoconf 2.65.  Invocation command line was

  CONFIG_FILES    = 
  CONFIG_HEADERS  = 
  CONFIG_LINKS    = 
  CONFIG_COMMANDS = 
  $ ./config.status src/Makefile depfiles

on reza-desktop

config.status:1201: creating src/Makefile
config.status:1414: executing depfiles commands

## ---------------------- ##
## Running config.status. ##
## ---------------------- ##

This file was extended by foobar_cpp config.status 0.1, which was
generated by GNU Autoconf 2.65.  Invocation command line was

  CONFIG_FILES    = 
  CONFIG_HEADERS  = 
  CONFIG_LINKS    = 
  CONFIG_COMMANDS = 
  $ ./config.status src/Makefile depfiles

on reza-desktop

config.status:1201: creating src/Makefile
config.status:1414: executing depfiles commands

## ---------------------- ##
## Running config.status. ##
## ---------------------- ##

This file was extended by foobar_cpp config.status 0.1, which was
generated by GNU Autoconf 2.65.  Invocation command line was

  CONFIG_FILES    = 
  CONFIG_HEADERS  = 
  CONFIG_LINKS    = 
  CONFIG_COMMANDS = 
  $ ./config.status src/Makefile depfiles

on reza-desktop

config.status:1201: creating src/Makefile
config.status:1414: executing depfiles commands

## ---------------------- ##
## Running config.status. ##
## ---------------------- ##

This file was extended by foobar_cpp config.status 0.1, which was
generated by GNU Autoconf 2.65.  Invocation command line was

  CONFIG_FILES    = 
  CONFIG_HEADERS  = 
  CONFIG_LINKS    = 
  CONFIG_COMMANDS = 
  $ ./config.status src/Makefile depfiles

on reza-desktop

config.status:1201: creating src/Makefile
config.status:1414: executing depfiles commands

## ---------------------- ##
## Running config.status. ##
## ---------------------- ##

This file was extended by foobar_cpp config.status 0.1, which was
generated by GNU Autoconf 2.65.  Invocation command line was

  CONFIG_FILES    = 
  CONFIG_HEADERS  = 
  CONFIG_LINKS    = 
  CONFIG_COMMANDS = 
  $ ./config.status src/Makefile depfiles

on reza-desktop

config.status:1201: creating src/Makefile
config.status:1414: executing depfiles commands

## ---------------------- ##
## Running config.status. ##
## ---------------------- ##

This file was extended by foobar_cpp config.status 0.1, which was
generated by GNU Autoconf 2.65.  Invocation command line was

  CONFIG_FILES    = 
  CONFIG_HEADERS  = 
  CONFIG_LINKS    = 
  CONFIG_COMMANDS = 
  $ ./config.status src/Makefile depfiles

on reza-desktop

config.status:1201: creating src/Makefile
config.status:1414: executing depfiles commands

## ---------------------- ##
## Running config.status. ##
## ---------------------- ##

This file was extended by foobar_cpp config.status 0.1, which was
generated by GNU Autoconf 2.65.  Invocation command line was

  CONFIG_FILES    = 
  CONFIG_HEADERS  = 
  CONFIG_LINKS    = 
  CONFIG_COMMANDS = 
  $ ./config.status src/Makefile depfiles

on reza-desktop

config.status:1201: creating src/Makefile
config.status:1414: executing depfiles commands

## ---------------------- ##
## Running config.status. ##
## ---------------------- ##

This file was extended by foobar_cpp config.status 0.1, which was
generated by GNU Autoconf 2.65.  Invocation command line was

  CONFIG_FILES    = 
  CONFIG_HEADERS  = 
  CONFIG_LINKS    = 
  CONFIG_COMMANDS = 
  $ ./config.status src/Makefile depfiles

on reza-desktop

config.status:1201: creating src/Makefile
config.status:1414: executing depfiles commands

## ---------------------- ##
## Running config.status. ##
## ---------------------- ##

This file was extended by foobar_cpp config.status 0.1, which was
generated by GNU Autoconf 2.65.  Invocation command line was

  CONFIG_FILES    = 
  CONFIG_HEADERS  = 
  CONFIG_LINKS    = 
  CONFIG_COMMANDS = 
  $ ./config.status src/Makefile depfiles

on reza-desktop

config.status:1201: creating src/Makefile
config.status:1414: executing depfiles commands

## ---------------------- ##
## Running config.status. ##
## ---------------------- ##

This file was extended by foobar_cpp config.status 0.1, which was
generated by GNU Autoconf 2.65.  Invocation command line was

  CONFIG_FILES    = 
  CONFIG_HEADERS  = 
  CONFIG_LINKS    = 
  CONFIG_COMMANDS = 
  $ ./config.status src/Makefile depfiles

on reza-desktop

config.status:1201: creating src/Makefile
config.status:1414: executing depfiles commands

## ---------------------- ##
## Running config.status. ##
## ---------------------- ##

This file was extended by foobar_cpp config.status 0.1, which was
generated by GNU Autoconf 2.65.  Invocation command line was

  CONFIG_FILES    = 
  CONFIG_HEADERS  = 
  CONFIG_LINKS    = 
  CONFIG_COMMANDS = 
  $ ./config.status src/Makefile depfiles

on reza-desktop

config.status:1201: creating src/Makefile
config.status:1414: executing depfiles commands

## ---------------------- ##
## Running config.status. ##
## ---------------------- ##

This file was extended by foobar_cpp config.status 0.1, which was
generated by GNU Autoconf 2.65.  Invocation command line was

  CONFIG_FILES    = 
  CONFIG_HEADERS  = 
  CONFIG_LINKS    = 
  CONFIG_COMMANDS = 
  $ ./config.status src/Makefile depfiles

on reza-desktop

config.status:1201: creating src/Makefile
config.status:1414: executing depfiles commands

## ---------------------- ##
## Running config.status. ##
## ---------------------- ##

This file was extended by foobar_cpp config.status 0.1, which was
generated by GNU Autoconf 2.65.  Invocation command line was

  CONFIG_FILES    = 
  CONFIG_HEADERS  = 
  CONFIG_LINKS    = 
  CONFIG_COMMANDS = 
  $ ./config.status src/Makefile depfiles

on reza-desktop

config.status:1201: creating src/Makefile
config.status:1414: executing depfiles commands

## ---------------------- ##
## Running config.status. ##
## ---------------------- ##

This file was extended by foobar_cpp config.status 0.1, which was
generated by GNU Autoconf 2.65.  Invocation command line was

  CONFIG_FILES    = 
  CONFIG_HEADERS  = 
  CONFIG_LINKS    = 
  CONFIG_COMMANDS = 
  $ ./config.status src/Makefile depfiles

on reza-desktop

config.status:1201: creating src/Makefile
config.status:1414: executing depfiles commands

## ---------------------- ##
## Running config.status. ##
## ---------------------- ##

This file was extended by foobar_cpp config.status 0.1, which was
generated by GNU Autoconf 2.65.  Invocation command line was

  CONFIG_FILES    = 
  CONFIG_HEADERS  = 
  CONFIG_LINKS    = 
  CONFIG_COMMANDS = 
  $ ./config.status src/Makefile depfiles

on reza-desktop

config.status:1201: creating src/Makefile
config.status:1414: executing depfiles commands

## ---------------------- ##
## Running config.status. ##
## ---------------------- ##

This file was extended by foobar_cpp config.status 0.1, which was
generated by GNU Autoconf 2.65.  Invocation command line was

  CONFIG_FILES    = 
  CONFIG_HEADERS  = 
  CONFIG_LINKS    = 
  CONFIG_COMMANDS = 
  $ ./config.status src/Makefile depfiles

on reza-desktop

config.status:1201: creating src/Makefile
config.status:1414: executing depfiles commands

## ---------------------- ##
## Running config.status. ##
## ---------------------- ##

This file was extended by foobar_cpp config.status 0.1, which was
generated by GNU Autoconf 2.65.  Invocation command line was

  CONFIG_FILES    = 
  CONFIG_HEADERS  = 
  CONFIG_LINKS    = 
  CONFIG_COMMANDS = 
  $ ./config.status src/Makefile depfiles

on reza-desktop

config.status:1201: creating src/Makefile
config.status:1414: executing depfiles commands

## ---------------------- ##
## Running config.status. ##
## ---------------------- ##

This file was extended by foobar_cpp config.status 0.1, which was
generated by GNU Autoconf 2.65.  Invocation command line was

  CONFIG_FILES    = 
  CONFIG_HEADERS  = 
  CONFIG_LINKS    = 
  CONFIG_COMMANDS = 
  $ ./config.status src/Makefile depfiles

on reza-desktop

config.status:1201: creating src/Makefile
config.status:1414: executing depfiles commands

## ---------------------- ##
## Running config.status. ##
## ---------------------- ##

This file was extended by foobar_cpp config.status 0.1, which was
generated by GNU Autoconf 2.65.  Invocation command line was

  CONFIG_FILES    = 
  CONFIG_HEADERS  = 
  CONFIG_LINKS    = 
  CONFIG_COMMANDS = 
  $ ./config.status src/Makefile depfiles

on reza-desktop

config.status:1201: creating src/Makefile
config.status:1414: executing depfiles commands

## ---------------------- ##
## Running config.status. ##
## ---------------------- ##

This file was extended by foobar_cpp config.status 0.1, which was
generated by GNU Autoconf 2.65.  Invocation command line was

  CONFIG_FILES    = 
  CONFIG_HEADERS  = 
  CONFIG_LINKS    = 
  CONFIG_COMMANDS = 
  $ ./config.status src/Makefile depfiles

on reza-desktop

config.status:1201: creating src/Makefile
config.status:1414: executing depfiles commands

## ---------------------- ##
## Running config.status. ##
## ---------------------- ##

This file was extended by foobar_cpp config.status 0.1, which was
generated by GNU Autoconf 2.65.  Invocation command line was

  CONFIG_FILES    = 
  CONFIG_HEADERS  = 
  CONFIG_LINKS    = 
  CONFIG_COMMANDS = 
  $ ./config.status src/Makefile depfiles

on reza-desktop

config.status:1201: creating src/Makefile
config.status:1414: executing depfiles commands

## ---------------------- ##
## Running config.status. ##
## ---------------------- ##

This file was extended by foobar_cpp config.status 0.1, which was
generated by GNU Autoconf 2.65.  Invocation command line was

  CONFIG_FILES    = 
  CONFIG_HEADERS  = 
  CONFIG_LINKS    = 
  CONFIG_COMMANDS = 
  $ ./config.status src/Makefile depfiles

on reza-desktop

config.status:1201: creating src/Makefile
config.status:1414: executing depfiles commands

## ---------------------- ##
## Running config.status. ##
## ---------------------- ##

This file was extended by foobar_cpp config.status 0.1, which was
generated by GNU Autoconf 2.65.  Invocation command line was

  CONFIG_FILES    = 
  CONFIG_HEADERS  = 
  CONFIG_LINKS    = 
  CONFIG_COMMANDS = 
  $ ./config.status src/Makefile depfiles

on reza-desktop

config.status:1201: creating src/Makefile
config.status:1414: executing depfiles commands

## ---------------------- ##
## Running config.status. ##
## ---------------------- ##

This file was extended by foobar_cpp config.status 0.1, which was
generated by GNU Autoconf 2.65.  Invocation command line was

  CONFIG_FILES    = 
  CONFIG_HEADERS  = 
  CONFIG_LINKS    = 
  CONFIG_COMMANDS = 
  $ ./config.status src/Makefile depfiles

on reza-desktop

config.status:1201: creating src/Makefile
config.status:1414: executing depfiles commands

## ---------------------- ##
## Running config.status. ##
## ---------------------- ##

This file was extended by foobar_cpp config.status 0.1, which was
generated by GNU Autoconf 2.65.  Invocation command line was

  CONFIG_FILES    = 
  CONFIG_HEADERS  = 
  CONFIG_LINKS    = 
  CONFIG_COMMANDS = 
  $ ./config.status src/Makefile depfiles

on reza-desktop

config.status:1201: creating src/Makefile
config.status:1414: executing depfiles commands

## ---------------------- ##
## Running config.status. ##
## ---------------------- ##

This file was extended by foobar_cpp config.status 0.1, which was
generated by GNU Autoconf 2.65.  Invocation command line was

  CONFIG_FILES    = 
  CONFIG_HEADERS  = 
  CONFIG_LINKS    = 
  CONFIG_COMMANDS = 
  $ ./config.status src/Makefile depfiles

on reza-desktop

config.status:1201: creating src/Makefile
config.status:1414: executing depfiles commands

## ---------------------- ##
## Running config.status. ##
## ---------------------- ##

This file was extended by foobar_cpp config.status 0.1, which was
generated by GNU Autoconf 2.65.  Invocation command line was

  CONFIG_FILES    = 
  CONFIG_HEADERS  = 
  CONFIG_LINKS    = 
  CONFIG_COMMANDS = 
  $ ./config.status src/Makefile depfiles

on reza-desktop

config.status:1201: creating src/Makefile
config.status:1414: executing depfiles commands

## ---------------------- ##
## Running config.status. ##
## ---------------------- ##

This file was extended by foobar_cpp config.status 0.1, which was
generated by GNU Autoconf 2.65.  Invocation command line was

  CONFIG_FILES    = 
  CONFIG_HEADERS  = 
  CONFIG_LINKS    = 
  CONFIG_COMMANDS = 
  $ ./config.status src/Makefile depfiles

on reza-desktop

config.status:1201: creating src/Makefile
config.status:1414: executing depfiles commands

## ---------------------- ##
## Running config.status. ##
## ---------------------- ##

This file was extended by foobar_cpp config.status 0.1, which was
generated by GNU Autoconf 2.65.  Invocation command line was

  CONFIG_FILES    = 
  CONFIG_HEADERS  = 
  CONFIG_LINKS    = 
  CONFIG_COMMANDS = 
  $ ./config.status src/Makefile depfiles

on reza-desktop

config.status:1201: creating src/Makefile
config.status:1414: executing depfiles commands

## ---------------------- ##
## Running config.status. ##
## ---------------------- ##

This file was extended by foobar_cpp config.status 0.1, which was
generated by GNU Autoconf 2.65.  Invocation command line was

  CONFIG_FILES    = 
  CONFIG_HEADERS  = 
  CONFIG_LINKS    = 
  CONFIG_COMMANDS = 
  $ ./config.status src/Makefile depfiles

on reza-desktop

config.status:1201: creating src/Makefile
config.status:1414: executing depfiles commands

## ---------------------- ##
## Running config.status. ##
## ---------------------- ##

This file was extended by foobar_cpp config.status 0.1, which was
generated by GNU Autoconf 2.65.  Invocation command line was

  CONFIG_FILES    = 
  CONFIG_HEADERS  = 
  CONFIG_LINKS    = 
  CONFIG_COMMANDS = 
  $ ./config.status src/Makefile depfiles

on reza-desktop

config.status:1201: creating src/Makefile
config.status:1414: executing depfiles commands

## ---------------------- ##
## Running config.status. ##
## ---------------------- ##

This file was extended by foobar_cpp config.status 0.1, which was
generated by GNU Autoconf 2.65.  Invocation command line was

  CONFIG_FILES    = 
  CONFIG_HEADERS  = 
  CONFIG_LINKS    = 
  CONFIG_COMMANDS = 
  $ ./config.status src/Makefile depfiles

on reza-desktop

config.status:1201: creating src/Makefile
config.status:1414: executing depfiles commands

## ---------------------- ##
## Running config.status. ##
## ---------------------- ##

This file was extended by foobar_cpp config.status 0.1, which was
generated by GNU Autoconf 2.65.  Invocation command line was

  CONFIG_FILES    = 
  CONFIG_HEADERS  = 
  CONFIG_LINKS    = 
  CONFIG_COMMANDS = 
  $ ./config.status src/Makefile depfiles

on reza-desktop

config.status:1201: creating src/Makefile
config.status:1414: executing depfiles commands

## ---------------------- ##
## Running config.status. ##
## ---------------------- ##

This file was extended by foobar_cpp config.status 0.1, which was
generated by GNU Autoconf 2.65.  Invocation command line was

  CONFIG_FILES    = 
  CONFIG_HEADERS  = 
  CONFIG_LINKS    = 
  CONFIG_COMMANDS = 
  $ ./config.status src/Makefile depfiles

on reza-desktop

config.status:1201: creating src/Makefile
config.status:1414: executing depfiles commands

## ---------------------- ##
## Running config.status. ##
## ---------------------- ##

This file was extended by foobar_cpp config.status 0.1, which was
generated by GNU Autoconf 2.65.  Invocation command line was

  CONFIG_FILES    = 
  CONFIG_HEADERS  = 
  CONFIG_LINKS    = 
  CONFIG_COMMANDS = 
  $ ./config.status src/Makefile depfiles

on reza-desktop

config.status:1201: creating src/Makefile
config.status:1414: executing depfiles commands

## ---------------------- ##
## Running config.status. ##
## ---------------------- ##

This file was extended by foobar_cpp config.status 0.1, which was
generated by GNU Autoconf 2.65.  Invocation command line was

  CONFIG_FILES    = 
  CONFIG_HEADERS  = 
  CONFIG_LINKS    = 
  CONFIG_COMMANDS = 
  $ ./config.status src/Makefile depfiles

on reza-desktop

config.status:1201: creating src/Makefile
config.status:1414: executing depfiles commands

## ---------------------- ##
## Running config.status. ##
## ---------------------- ##

This file was extended by foobar_cpp config.status 0.1, which was
generated by GNU Autoconf 2.65.  Invocation command line was

  CONFIG_FILES    = 
  CONFIG_HEADERS  = 
  CONFIG_LINKS    = 
  CONFIG_COMMANDS = 
  $ ./config.status src/Makefile depfiles

on reza-desktop

config.status:1201: creating src/Makefile
config.status:1414: executing depfiles commands

## ---------------------- ##
## Running config.status. ##
## ---------------------- ##

This file was extended by foobar_cpp config.status 0.1, which was
generated by GNU Autoconf 2.65.  Invocation command line was

  CONFIG_FILES    = 
  CONFIG_HEADERS  = 
  CONFIG_LINKS    = 
  CONFIG_COMMANDS = 
  $ ./config.status src/Makefile depfiles

on reza-desktop

config.status:1201: creating src/Makefile
config.status:1414: executing depfiles commands

## ---------------------- ##
## Running config.status. ##
## ---------------------- ##

This file was extended by foobar_cpp config.status 0.1, which was
generated by GNU Autoconf 2.65.  Invocation command line was

  CONFIG_FILES    = 
  CONFIG_HEADERS  = 
  CONFIG_LINKS    = 
  CONFIG_COMMANDS = 
  $ ./config.status src/Makefile depfiles

on reza-desktop

config.status:1201: creating src/Makefile
config.status:1414: executing depfiles commands

## ---------------------- ##
## Running config.status. ##
## ---------------------- ##

This file was extended by foobar_cpp config.status 0.1, which was
generated by GNU Autoconf 2.65.  Invocation command line was

  CONFIG_FILES    = 
  CONFIG_HEADERS  = 
  CONFIG_LINKS    = 
  CONFIG_COMMANDS = 
  $ ./config.status src/Makefile depfiles

on reza-desktop

config.status:1201: creating src/Makefile
config.status:1414: executing depfiles commands

## ---------------------- ##
## Running config.status. ##
## ---------------------- ##

This file was extended by foobar_cpp config.status 0.1, which was
generated by GNU Autoconf 2.65.  Invocation command line was

  CONFIG_FILES    = 
  CONFIG_HEADERS  = 
  CONFIG_LINKS    = 
  CONFIG_COMMANDS = 
  $ ./config.status src/Makefile depfiles

on reza-desktop

config.status:1201: creating src/Makefile
config.status:1414: executing depfiles commands

## ---------------------- ##
## Running config.status. ##
## ---------------------- ##

This file was extended by foobar_cpp config.status 0.1, which was
generated by GNU Autoconf 2.65.  Invocation command line was

  CONFIG_FILES    = 
  CONFIG_HEADERS  = 
  CONFIG_LINKS    = 
  CONFIG_COMMANDS = 
  $ ./config.status src/Makefile depfiles

on reza-desktop

config.status:1201: creating src/Makefile
config.status:1414: executing depfiles commands

## ---------------------- ##
## Running config.status. ##
## ---------------------- ##

This file was extended by foobar_cpp config.status 0.1, which was
generated by GNU Autoconf 2.65.  Invocation command line was

  CONFIG_FILES    = 
  CONFIG_HEADERS  = 
  CONFIG_LINKS    = 
  CONFIG_COMMANDS = 
  $ ./config.status src/Makefile depfiles

on reza-desktop

config.status:1201: creating src/Makefile
config.status:1414: executing depfiles commands

## ---------------------- ##
## Running config.status. ##
## ---------------------- ##

This file was extended by foobar_cpp config.status 0.1, which was
generated by GNU Autoconf 2.65.  Invocation command line was

  CONFIG_FILES    = 
  CONFIG_HEADERS  = 
  CONFIG_LINKS    = 
  CONFIG_COMMANDS = 
  $ ./config.status src/Makefile depfiles

on reza-desktop

config.status:1201: creating src/Makefile
config.status:1414: executing depfiles commands

## ---------------------- ##
## Running config.status. ##
## ---------------------- ##

This file was extended by foobar_cpp config.status 0.1, which was
generated by GNU Autoconf 2.65.  Invocation command line was

  CONFIG_FILES    = 
  CONFIG_HEADERS  = 
  CONFIG_LINKS    = 
  CONFIG_COMMANDS = 
  $ ./config.status src/Makefile depfiles

on reza-desktop

config.status:1201: creating src/Makefile
config.status:1414: executing depfiles commands

## ---------------------- ##
## Running config.status. ##
## ---------------------- ##

This file was extended by foobar_cpp config.status 0.1, which was
generated by GNU Autoconf 2.65.  Invocation command line was

  CONFIG_FILES    = 
  CONFIG_HEADERS  = 
  CONFIG_LINKS    = 
  CONFIG_COMMANDS = 
  $ ./config.status src/Makefile depfiles

on reza-desktop

config.status:1201: creating src/Makefile
config.status:1414: executing depfiles commands

## ---------------------- ##
## Running config.status. ##
## ---------------------- ##

This file was extended by foobar_cpp config.status 0.1, which was
generated by GNU Autoconf 2.65.  Invocation command line was

  CONFIG_FILES    = 
  CONFIG_HEADERS  = 
  CONFIG_LINKS    = 
  CONFIG_COMMANDS = 
  $ ./config.status src/Makefile depfiles

on reza-desktop

config.status:1201: creating src/Makefile
config.status:1414: executing depfiles commands

## ---------------------- ##
## Running config.status. ##
## ---------------------- ##

This file was extended by foobar_cpp config.status 0.1, which was
generated by GNU Autoconf 2.65.  Invocation command line was

  CONFIG_FILES    = 
  CONFIG_HEADERS  = 
  CONFIG_LINKS    = 
  CONFIG_COMMANDS = 
  $ ./config.status src/Makefile depfiles

on reza-desktop

config.status:1201: creating src/Makefile
config.status:1414: executing depfiles commands

## ---------------------- ##
## Running config.status. ##
## ---------------------- ##

This file was extended by foobar_cpp config.status 0.1, which was
generated by GNU Autoconf 2.65.  Invocation command line was

  CONFIG_FILES    = 
  CONFIG_HEADERS  = 
  CONFIG_LINKS    = 
  CONFIG_COMMANDS = 
  $ ./config.status src/Makefile depfiles

on reza-desktop

config.status:1201: creating src/Makefile
config.status:1414: executing depfiles commands

## ---------------------- ##
## Running config.status. ##
## ---------------------- ##

This file was extended by foobar_cpp config.status 0.1, which was
generated by GNU Autoconf 2.65.  Invocation command line was

  CONFIG_FILES    = 
  CONFIG_HEADERS  = 
  CONFIG_LINKS    = 
  CONFIG_COMMANDS = 
  $ ./config.status src/Makefile depfiles

on reza-desktop

config.status:1201: creating src/Makefile
config.status:1414: executing depfiles commands

## ---------------------- ##
## Running config.status. ##
## ---------------------- ##

This file was extended by foobar_cpp config.status 0.1, which was
generated by GNU Autoconf 2.65.  Invocation command line was

  CONFIG_FILES    = 
  CONFIG_HEADERS  = 
  CONFIG_LINKS    = 
  CONFIG_COMMANDS = 
  $ ./config.status src/Makefile depfiles

on reza-desktop

config.status:1201: creating src/Makefile
config.status:1414: executing depfiles commands

## ---------------------- ##
## Running config.status. ##
## ---------------------- ##

This file was extended by foobar_cpp config.status 0.1, which was
generated by GNU Autoconf 2.65.  Invocation command line was

  CONFIG_FILES    = 
  CONFIG_HEADERS  = 
  CONFIG_LINKS    = 
  CONFIG_COMMANDS = 
  $ ./config.status src/Makefile depfiles

on reza-desktop

config.status:1201: creating src/Makefile
config.status:1414: executing depfiles commands

## ---------------------- ##
## Running config.status. ##
## ---------------------- ##

This file was extended by foobar_cpp config.status 0.1, which was
generated by GNU Autoconf 2.65.  Invocation command line was

  CONFIG_FILES    = 
  CONFIG_HEADERS  = 
  CONFIG_LINKS    = 
  CONFIG_COMMANDS = 
  $ ./config.status src/Makefile depfiles

on reza-desktop

config.status:1201: creating src/Makefile
config.status:1414: executing depfiles commands

## ---------------------- ##
## Running config.status. ##
## ---------------------- ##

This file was extended by foobar_cpp config.status 0.1, which was
generated by GNU Autoconf 2.65.  Invocation command line was

  CONFIG_FILES    = 
  CONFIG_HEADERS  = 
  CONFIG_LINKS    = 
  CONFIG_COMMANDS = 
  $ ./config.status src/Makefile depfiles

on reza-desktop

config.status:1201: creating src/Makefile
config.status:1414: executing depfiles commands

## ---------------------- ##
## Running config.status. ##
## ---------------------- ##

This file was extended by foobar_cpp config.status 0.1, which was
generated by GNU Autoconf 2.65.  Invocation command line was

  CONFIG_FILES    = 
  CONFIG_HEADERS  = 
  CONFIG_LINKS    = 
  CONFIG_COMMANDS = 
  $ ./config.status src/Makefile depfiles

on reza-desktop

config.status:1201: creating src/Makefile
config.status:1414: executing depfiles commands

## ---------------------- ##
## Running config.status. ##
## ---------------------- ##

This file was extended by foobar_cpp config.status 0.1, which was
generated by GNU Autoconf 2.65.  Invocation command line was

  CONFIG_FILES    = 
  CONFIG_HEADERS  = 
  CONFIG_LINKS    = 
  CONFIG_COMMANDS = 
  $ ./config.status src/Makefile depfiles

on reza-desktop

config.status:1201: creating src/Makefile
config.status:1414: executing depfiles commands

## ---------------------- ##
## Running config.status. ##
## ---------------------- ##

This file was extended by foobar_cpp config.status 0.1, which was
generated by GNU Autoconf 2.65.  Invocation command line was

  CONFIG_FILES    = 
  CONFIG_HEADERS  = 
  CONFIG_LINKS    = 
  CONFIG_COMMANDS = 
  $ ./config.status src/Makefile depfiles

on reza-desktop

config.status:1201: creating src/Makefile
config.status:1414: executing depfiles commands

## ---------------------- ##
## Running config.status. ##
## ---------------------- ##

This file was extended by foobar_cpp config.status 0.1, which was
generated by GNU Autoconf 2.65.  Invocation command line was

  CONFIG_FILES    = 
  CONFIG_HEADERS  = 
  CONFIG_LINKS    = 
  CONFIG_COMMANDS = 
  $ ./config.status src/Makefile depfiles

on reza-desktop

config.status:1201: creating src/Makefile
config.status:1414: executing depfiles commands

## ---------------------- ##
## Running config.status. ##
## ---------------------- ##

This file was extended by foobar_cpp config.status 0.1, which was
generated by GNU Autoconf 2.65.  Invocation command line was

  CONFIG_FILES    = 
  CONFIG_HEADERS  = 
  CONFIG_LINKS    = 
  CONFIG_COMMANDS = 
  $ ./config.status src/Makefile depfiles

on reza-desktop

config.status:1201: creating src/Makefile
config.status:1414: executing depfiles commands

## ---------------------- ##
## Running config.status. ##
## ---------------------- ##

This file was extended by foobar_cpp config.status 0.1, which was
generated by GNU Autoconf 2.65.  Invocation command line was

  CONFIG_FILES    = 
  CONFIG_HEADERS  = 
  CONFIG_LINKS    = 
  CONFIG_COMMANDS = 
  $ ./config.status src/Makefile depfiles

on reza-desktop

config.status:1201: creating src/Makefile
config.status:1414: executing depfiles commands

## ---------------------- ##
## Running config.status. ##
## ---------------------- ##

This file was extended by foobar_cpp config.status 0.1, which was
generated by GNU Autoconf 2.65.  Invocation command line was

  CONFIG_FILES    = 
  CONFIG_HEADERS  = 
  CONFIG_LINKS    = 
  CONFIG_COMMANDS = 
  $ ./config.status src/Makefile depfiles

on reza-desktop

config.status:1201: creating src/Makefile
config.status:1414: executing depfiles commands

## ---------------------- ##
## Running config.status. ##
## ---------------------- ##

This file was extended by foobar_cpp config.status 0.1, which was
generated by GNU Autoconf 2.65.  Invocation command line was

  CONFIG_FILES    = 
  CONFIG_HEADERS  = 
  CONFIG_LINKS    = 
  CONFIG_COMMANDS = 
  $ ./config.status src/Makefile depfiles

on reza-desktop

config.status:1201: creating src/Makefile
config.status:1414: executing depfiles commands

## ---------------------- ##
## Running config.status. ##
## ---------------------- ##

This file was extended by foobar_cpp config.status 0.1, which was
generated by GNU Autoconf 2.65.  Invocation command line was

  CONFIG_FILES    = 
  CONFIG_HEADERS  = 
  CONFIG_LINKS    = 
  CONFIG_COMMANDS = 
  $ ./config.status src/Makefile depfiles

on reza-desktop

config.status:1201: creating src/Makefile
config.status:1414: executing depfiles commands

## ---------------------- ##
## Running config.status. ##
## ---------------------- ##

This file was extended by foobar_cpp config.status 0.1, which was
generated by GNU Autoconf 2.65.  Invocation command line was

  CONFIG_FILES    = 
  CONFIG_HEADERS  = 
  CONFIG_LINKS    = 
  CONFIG_COMMANDS = 
  $ ./config.status src/Makefile depfiles

on reza-desktop

config.status:1201: creating src/Makefile
config.status:1414: executing depfiles commands

## ---------------------- ##
## Running config.status. ##
## ---------------------- ##

This file was extended by foobar_cpp config.status 0.1, which was
generated by GNU Autoconf 2.65.  Invocation command line was

  CONFIG_FILES    = 
  CONFIG_HEADERS  = 
  CONFIG_LINKS    = 
  CONFIG_COMMANDS = 
  $ ./config.status src/Makefile depfiles

on reza-desktop

config.status:1201: creating src/Makefile
config.status:1414: executing depfiles commands

## ---------------------- ##
## Running config.status. ##
## ---------------------- ##

This file was extended by foobar_cpp config.status 0.1, which was
generated by GNU Autoconf 2.65.  Invocation command line was

  CONFIG_FILES    = 
  CONFIG_HEADERS  = 
  CONFIG_LINKS    = 
  CONFIG_COMMANDS = 
  $ ./config.status src/Makefile depfiles

on reza-desktop

config.status:1201: creating src/Makefile
config.status:1414: executing depfiles commands

## ---------------------- ##
## Running config.status. ##
## ---------------------- ##

This file was extended by foobar_cpp config.status 0.1, which was
generated by GNU Autoconf 2.65.  Invocation command line was

  CONFIG_FILES    = 
  CONFIG_HEADERS  = 
  CONFIG_LINKS    = 
  CONFIG_COMMANDS = 
  $ ./config.status src/Makefile depfiles

on reza-desktop

config.status:1201: creating src/Makefile
config.status:1414: executing depfiles commands

## ---------------------- ##
## Running config.status. ##
## ---------------------- ##

This file was extended by foobar_cpp config.status 0.1, which was
generated by GNU Autoconf 2.65.  Invocation command line was

  CONFIG_FILES    = 
  CONFIG_HEADERS  = 
  CONFIG_LINKS    = 
  CONFIG_COMMANDS = 
  $ ./config.status src/Makefile depfiles

on reza-desktop

config.status:1201: creating src/Makefile
config.status:1414: executing depfiles commands

## ---------------------- ##
## Running config.status. ##
## ---------------------- ##

This file was extended by foobar_cpp config.status 0.1, which was
generated by GNU Autoconf 2.65.  Invocation command line was

  CONFIG_FILES    = 
  CONFIG_HEADERS  = 
  CONFIG_LINKS    = 
  CONFIG_COMMANDS = 
  $ ./config.status src/Makefile depfiles

on reza-desktop

config.status:1201: creating src/Makefile
config.status:1414: executing depfiles commands

## ---------------------- ##
## Running config.status. ##
## ---------------------- ##

This file was extended by foobar_cpp config.status 0.1, which was
generated by GNU Autoconf 2.65.  Invocation command line was

  CONFIG_FILES    = 
  CONFIG_HEADERS  = 
  CONFIG_LINKS    = 
  CONFIG_COMMANDS = 
  $ ./config.status src/Makefile depfiles

on reza-desktop

config.status:1201: creating src/Makefile
config.status:1414: executing depfiles commands

## ---------------------- ##
## Running config.status. ##
## ---------------------- ##

This file was extended by foobar_cpp config.status 0.1, which was
generated by GNU Autoconf 2.65.  Invocation command line was

  CONFIG_FILES    = 
  CONFIG_HEADERS  = 
  CONFIG_LINKS    = 
  CONFIG_COMMANDS = 
  $ ./config.status src/Makefile depfiles

on reza-desktop

config.status:1201: creating src/Makefile
config.status:1414: executing depfiles commands

## ---------------------- ##
## Running config.status. ##
## ---------------------- ##

This file was extended by foobar_cpp config.status 0.1, which was
generated by GNU Autoconf 2.65.  Invocation command line was

  CONFIG_FILES    = 
  CONFIG_HEADERS  = 
  CONFIG_LINKS    = 
  CONFIG_COMMANDS = 
  $ ./config.status src/Makefile depfiles

on reza-desktop

config.status:1201: creating src/Makefile
config.status:1414: executing depfiles commands

## ---------------------- ##
## Running config.status. ##
## ---------------------- ##

This file was extended by foobar_cpp config.status 0.1, which was
generated by GNU Autoconf 2.65.  Invocation command line was

  CONFIG_FILES    = 
  CONFIG_HEADERS  = 
  CONFIG_LINKS    = 
  CONFIG_COMMANDS = 
  $ ./config.status src/Makefile depfiles

on reza-desktop

config.status:1201: creating src/Makefile
config.status:1414: executing depfiles commands

## ---------------------- ##
## Running config.status. ##
## ---------------------- ##

This file was extended by foobar_cpp config.status 0.1, which was
generated by GNU Autoconf 2.65.  Invocation command line was

  CONFIG_FILES    = 
  CONFIG_HEADERS  = 
  CONFIG_LINKS    = 
  CONFIG_COMMANDS = 
  $ ./config.status src/Makefile depfiles

on reza-desktop

config.status:1201: creating src/Makefile
config.status:1414: executing depfiles commands

## ---------------------- ##
## Running config.status. ##
## ---------------------- ##

This file was extended by foobar_cpp config.status 0.1, which was
generated by GNU Autoconf 2.65.  Invocation command line was

  CONFIG_FILES    = 
  CONFIG_HEADERS  = 
  CONFIG_LINKS    = 
  CONFIG_COMMANDS = 
  $ ./config.status src/Makefile depfiles

on reza-desktop

config.status:1201: creating src/Makefile
config.status:1414: executing depfiles commands

## ---------------------- ##
## Running config.status. ##
## ---------------------- ##

This file was extended by foobar_cpp config.status 0.1, which was
generated by GNU Autoconf 2.65.  Invocation command line was

  CONFIG_FILES    = 
  CONFIG_HEADERS  = 
  CONFIG_LINKS    = 
  CONFIG_COMMANDS = 
  $ ./config.status src/Makefile depfiles

on reza-desktop

config.status:1201: creating src/Makefile
config.status:1414: executing depfiles commands

## ---------------------- ##
## Running config.status. ##
## ---------------------- ##

This file was extended by foobar_cpp config.status 0.1, which was
generated by GNU Autoconf 2.65.  Invocation command line was

  CONFIG_FILES    = 
  CONFIG_HEADERS  = 
  CONFIG_LINKS    = 
  CONFIG_COMMANDS = 
  $ ./config.status src/Makefile depfiles

on reza-desktop

config.status:1201: creating src/Makefile
config.status:1414: executing depfiles commands

## ---------------------- ##
## Running config.status. ##
## ---------------------- ##

This file was extended by foobar_cpp config.status 0.1, which was
generated by GNU Autoconf 2.65.  Invocation command line was

  CONFIG_FILES    = 
  CONFIG_HEADERS  = 
  CONFIG_LINKS    = 
  CONFIG_COMMANDS = 
  $ ./config.status src/Makefile depfiles

on reza-desktop

config.status:1201: creating src/Makefile
config.status:1414: executing depfiles commands

## ---------------------- ##
## Running config.status. ##
## ---------------------- ##

This file was extended by foobar_cpp config.status 0.1, which was
generated by GNU Autoconf 2.65.  Invocation command line was

  CONFIG_FILES    = 
  CONFIG_HEADERS  = 
  CONFIG_LINKS    = 
  CONFIG_COMMANDS = 
  $ ./config.status src/Makefile depfiles

on reza-desktop

config.status:1201: creating src/Makefile
config.status:1414: executing depfiles commands

## ---------------------- ##
## Running config.status. ##
## ---------------------- ##

This file was extended by foobar_cpp config.status 0.1, which was
generated by GNU Autoconf 2.65.  Invocation command line was

  CONFIG_FILES    = 
  CONFIG_HEADERS  = 
  CONFIG_LINKS    = 
  CONFIG_COMMANDS = 
  $ ./config.status src/Makefile depfiles

on reza-desktop

config.status:1201: creating src/Makefile
config.status:1414: executing depfiles commands

## ---------------------- ##
## Running config.status. ##
## ---------------------- ##

This file was extended by foobar_cpp config.status 0.1, which was
generated by GNU Autoconf 2.65.  Invocation command line was

  CONFIG_FILES    = 
  CONFIG_HEADERS  = 
  CONFIG_LINKS    = 
  CONFIG_COMMANDS = 
  $ ./config.status src/Makefile depfiles

on reza-desktop

config.status:1201: creating src/Makefile
config.status:1414: executing depfiles commands

## ---------------------- ##
## Running config.status. ##
## ---------------------- ##

This file was extended by foobar_cpp config.status 0.1, which was
generated by GNU Autoconf 2.65.  Invocation command line was

  CONFIG_FILES    = 
  CONFIG_HEADERS  = 
  CONFIG_LINKS    = 
  CONFIG_COMMANDS = 
  $ ./config.status src/Makefile depfiles

on reza-desktop

config.status:1201: creating src/Makefile
config.status:1414: executing depfiles commands

## ---------------------- ##
## Running config.status. ##
## ---------------------- ##

This file was extended by foobar_cpp config.status 0.1, which was
generated by GNU Autoconf 2.65.  Invocation command line was

  CONFIG_FILES    = 
  CONFIG_HEADERS  = 
  CONFIG_LINKS    = 
  CONFIG_COMMANDS = 
  $ ./config.status src/Makefile depfiles

on reza-desktop

config.status:1201: creating src/Makefile
config.status:1414: executing depfiles commands

## ---------------------- ##
## Running config.status. ##
## ---------------------- ##

This file was extended by foobar_cpp config.status 0.1, which was
generated by GNU Autoconf 2.65.  Invocation command line was

  CONFIG_FILES    = 
  CONFIG_HEADERS  = 
  CONFIG_LINKS    = 
  CONFIG_COMMANDS = 
  $ ./config.status src/Makefile depfiles

on reza-desktop

config.status:1201: creating src/Makefile
config.status:1414: executing depfiles commands

## ---------------------- ##
## Running config.status. ##
## ---------------------- ##

This file was extended by foobar_cpp config.status 0.1, which was
generated by GNU Autoconf 2.65.  Invocation command line was

  CONFIG_FILES    = 
  CONFIG_HEADERS  = 
  CONFIG_LINKS    = 
  CONFIG_COMMANDS = 
  $ ./config.status src/Makefile depfiles

on reza-desktop

config.status:1201: creating src/Makefile
config.status:1414: executing depfiles commands

## ---------------------- ##
## Running config.status. ##
## ---------------------- ##

This file was extended by foobar_cpp config.status 0.1, which was
generated by GNU Autoconf 2.65.  Invocation command line was

  CONFIG_FILES    = 
  CONFIG_HEADERS  = 
  CONFIG_LINKS    = 
  CONFIG_COMMANDS = 
  $ ./config.status src/Makefile depfiles

on reza-desktop

config.status:1201: creating src/Makefile
config.status:1414: executing depfiles commands

## ---------------------- ##
## Running config.status. ##
## ---------------------- ##

This file was extended by foobar_cpp config.status 0.1, which was
generated by GNU Autoconf 2.65.  Invocation command line was

  CONFIG_FILES    = 
  CONFIG_HEADERS  = 
  CONFIG_LINKS    = 
  CONFIG_COMMANDS = 
  $ ./config.status src/Makefile depfiles

on reza-desktop

config.status:1201: creating src/Makefile
config.status:1414: executing depfiles commands

## ---------------------- ##
## Running config.status. ##
## ---------------------- ##

This file was extended by foobar_cpp config.status 0.1, which was
generated by GNU Autoconf 2.65.  Invocation command line was

  CONFIG_FILES    = 
  CONFIG_HEADERS  = 
  CONFIG_LINKS    = 
  CONFIG_COMMANDS = 
  $ ./config.status src/Makefile depfiles

on reza-desktop

config.status:1201: creating src/Makefile
config.status:1414: executing depfiles commands

## ---------------------- ##
## Running config.status. ##
## ---------------------- ##

This file was extended by foobar_cpp config.status 0.1, which was
generated by GNU Autoconf 2.65.  Invocation command line was

  CONFIG_FILES    = 
  CONFIG_HEADERS  = 
  CONFIG_LINKS    = 
  CONFIG_COMMANDS = 
  $ ./config.status src/Makefile depfiles

on reza-desktop

config.status:1201: creating src/Makefile
config.status:1414: executing depfiles commands

## ---------------------- ##
## Running config.status. ##
## ---------------------- ##

This file was extended by foobar_cpp config.status 0.1, which was
generated by GNU Autoconf 2.65.  Invocation command line was

  CONFIG_FILES    = 
  CONFIG_HEADERS  = 
  CONFIG_LINKS    = 
  CONFIG_COMMANDS = 
  $ ./config.status src/Makefile depfiles

on reza-desktop

config.status:1201: creating src/Makefile
config.status:1414: executing depfiles commands

## ---------------------- ##
## Running config.status. ##
## ---------------------- ##

This file was extended by foobar_cpp config.status 0.1, which was
generated by GNU Autoconf 2.65.  Invocation command line was

  CONFIG_FILES    = 
  CONFIG_HEADERS  = 
  CONFIG_LINKS    = 
  CONFIG_COMMANDS = 
  $ ./config.status src/Makefile depfiles

on reza-desktop

config.status:1201: creating src/Makefile
config.status:1414: executing depfiles commands

## ---------------------- ##
## Running config.status. ##
## ---------------------- ##

This file was extended by foobar_cpp config.status 0.1, which was
generated by GNU Autoconf 2.65.  Invocation command line was

  CONFIG_FILES    = 
  CONFIG_HEADERS  = 
  CONFIG_LINKS    = 
  CONFIG_COMMANDS = 
  $ ./config.status src/Makefile depfiles

on reza-desktop

config.status:1201: creating src/Makefile
config.status:1414: executing depfiles commands

## ---------------------- ##
## Running config.status. ##
## ---------------------- ##

This file was extended by foobar_cpp config.status 0.1, which was
generated by GNU Autoconf 2.65.  Invocation command line was

  CONFIG_FILES    = 
  CONFIG_HEADERS  = 
  CONFIG_LINKS    = 
  CONFIG_COMMANDS = 
  $ ./config.status src/Makefile depfiles

on reza-desktop

config.status:1201: creating src/Makefile
config.status:1414: executing depfiles commands

## ---------------------- ##
## Running config.status. ##
## ---------------------- ##

This file was extended by foobar_cpp config.status 0.1, which was
generated by GNU Autoconf 2.65.  Invocation command line was

  CONFIG_FILES    = 
  CONFIG_HEADERS  = 
  CONFIG_LINKS    = 
  CONFIG_COMMANDS = 
  $ ./config.status src/Makefile depfiles

on reza-desktop

config.status:1201: creating src/Makefile
config.status:1414: executing depfiles commands

## ---------------------- ##
## Running config.status. ##
## ---------------------- ##

This file was extended by foobar_cpp config.status 0.1, which was
generated by GNU Autoconf 2.65.  Invocation command line was

  CONFIG_FILES    = 
  CONFIG_HEADERS  = 
  CONFIG_LINKS    = 
  CONFIG_COMMANDS = 
  $ ./config.status src/Makefile depfiles

on reza-desktop

config.status:1201: creating src/Makefile
config.status:1414: executing depfiles commands

## ---------------------- ##
## Running config.status. ##
## ---------------------- ##

This file was extended by foobar_cpp config.status 0.1, which was
generated by GNU Autoconf 2.65.  Invocation command line was

  CONFIG_FILES    = 
  CONFIG_HEADERS  = 
  CONFIG_LINKS    = 
  CONFIG_COMMANDS = 
  $ ./config.status src/Makefile depfiles

on reza-desktop

config.status:1201: creating src/Makefile
config.status:1414: executing depfiles commands

## ---------------------- ##
## Running config.status. ##
## ---------------------- ##

This file was extended by foobar_cpp config.status 0.1, which was
generated by GNU Autoconf 2.65.  Invocation command line was

  CONFIG_FILES    = 
  CONFIG_HEADERS  = 
  CONFIG_LINKS    = 
  CONFIG_COMMANDS = 
  $ ./config.status src/Makefile depfiles

on reza-desktop

config.status:1201: creating src/Makefile
config.status:1414: executing depfiles commands

## ---------------------- ##
## Running config.status. ##
## ---------------------- ##

This file was extended by foobar_cpp config.status 0.1, which was
generated by GNU Autoconf 2.65.  Invocation command line was

  CONFIG_FILES    = 
  CONFIG_HEADERS  = 
  CONFIG_LINKS    = 
  CONFIG_COMMANDS = 
  $ ./config.status src/Makefile depfiles

on reza-desktop

config.status:1201: creating src/Makefile
config.status:1414: executing depfiles commands

## ---------------------- ##
## Running config.status. ##
## ---------------------- ##

This file was extended by foobar_cpp config.status 0.1, which was
generated by GNU Autoconf 2.65.  Invocation command line was

  CONFIG_FILES    = 
  CONFIG_HEADERS  = 
  CONFIG_LINKS    = 
  CONFIG_COMMANDS = 
  $ ./config.status src/Makefile depfiles

on reza-desktop

config.status:1201: creating src/Makefile
config.status:1414: executing depfiles commands

## ---------------------- ##
## Running config.status. ##
## ---------------------- ##

This file was extended by foobar_cpp config.status 0.1, which was
generated by GNU Autoconf 2.65.  Invocation command line was

  CONFIG_FILES    = 
  CONFIG_HEADERS  = 
  CONFIG_LINKS    = 
  CONFIG_COMMANDS = 
  $ ./config.status src/Makefile depfiles

on reza-desktop

config.status:1201: creating src/Makefile
config.status:1414: executing depfiles commands

## ---------------------- ##
## Running config.status. ##
## ---------------------- ##

This file was extended by foobar_cpp config.status 0.1, which was
generated by GNU Autoconf 2.65.  Invocation command line was

  CONFIG_FILES    = 
  CONFIG_HEADERS  = 
  CONFIG_LINKS    = 
  CONFIG_COMMANDS = 
  $ ./config.status src/Makefile depfiles

on reza-desktop

config.status:1201: creating src/Makefile
config.status:1414: executing depfiles commands

## ---------------------- ##
## Running config.status. ##
## ---------------------- ##

This file was extended by foobar_cpp config.status 0.1, which was
generated by GNU Autoconf 2.65.  Invocation command line was

  CONFIG_FILES    = 
  CONFIG_HEADERS  = 
  CONFIG_LINKS    = 
  CONFIG_COMMANDS = 
  $ ./config.status src/Makefile depfiles

on reza-desktop

config.status:1201: creating src/Makefile
config.status:1414: executing depfiles commands

## ---------------------- ##
## Running config.status. ##
## ---------------------- ##

This file was extended by foobar_cpp config.status 0.1, which was
generated by GNU Autoconf 2.65.  Invocation command line was

  CONFIG_FILES    = 
  CONFIG_HEADERS  = 
  CONFIG_LINKS    = 
  CONFIG_COMMANDS = 
  $ ./config.status src/Makefile depfiles

on reza-desktop

config.status:1201: creating src/Makefile
config.status:1414: executing depfiles commands

## ---------------------- ##
## Running config.status. ##
## ---------------------- ##

This file was extended by foobar_cpp config.status 0.1, which was
generated by GNU Autoconf 2.65.  Invocation command line was

  CONFIG_FILES    = 
  CONFIG_HEADERS  = 
  CONFIG_LINKS    = 
  CONFIG_COMMANDS = 
  $ ./config.status src/Makefile depfiles

on reza-desktop

config.status:1201: creating src/Makefile
config.status:1414: executing depfiles commands

## ---------------------- ##
## Running config.status. ##
## ---------------------- ##

This file was extended by foobar_cpp config.status 0.1, which was
generated by GNU Autoconf 2.65.  Invocation command line was

  CONFIG_FILES    = 
  CONFIG_HEADERS  = 
  CONFIG_LINKS    = 
  CONFIG_COMMANDS = 
  $ ./config.status src/Makefile depfiles

on reza-desktop

config.status:1201: creating src/Makefile
config.status:1414: executing depfiles commands

## ---------------------- ##
## Running config.status. ##
## ---------------------- ##

This file was extended by foobar_cpp config.status 0.1, which was
generated by GNU Autoconf 2.65.  Invocation command line was

  CONFIG_FILES    = 
  CONFIG_HEADERS  = 
  CONFIG_LINKS    = 
  CONFIG_COMMANDS = 
  $ ./config.status src/Makefile depfiles

on reza-desktop

config.status:1201: creating src/Makefile
config.status:1414: executing depfiles commands

## ---------------------- ##
## Running config.status. ##
## ---------------------- ##

This file was extended by foobar_cpp config.status 0.1, which was
generated by GNU Autoconf 2.65.  Invocation command line was

  CONFIG_FILES    = 
  CONFIG_HEADERS  = 
  CONFIG_LINKS    = 
  CONFIG_COMMANDS = 
  $ ./config.status src/Makefile depfiles

on reza-desktop

config.status:1201: creating src/Makefile
config.status:1414: executing depfiles commands

## ---------------------- ##
## Running config.status. ##
## ---------------------- ##

This file was extended by foobar_cpp config.status 0.1, which was
generated by GNU Autoconf 2.65.  Invocation command line was

  CONFIG_FILES    = 
  CONFIG_HEADERS  = 
  CONFIG_LINKS    = 
  CONFIG_COMMANDS = 
  $ ./config.status src/Makefile depfiles

on reza-desktop

config.status:1201: creating src/Makefile
config.status:1414: executing depfiles commands

## ---------------------- ##
## Running config.status. ##
## ---------------------- ##

This file was extended by foobar_cpp config.status 0.1, which was
generated by GNU Autoconf 2.65.  Invocation command line was

  CONFIG_FILES    = 
  CONFIG_HEADERS  = 
  CONFIG_LINKS    = 
  CONFIG_COMMANDS = 
  $ ./config.status src/Makefile depfiles

on reza-desktop

config.status:1201: creating src/Makefile
config.status:1414: executing depfiles commands

## ---------------------- ##
## Running config.status. ##
## ---------------------- ##

This file was extended by foobar_cpp config.status 0.1, which was
generated by GNU Autoconf 2.65.  Invocation command line was

  CONFIG_FILES    = 
  CONFIG_HEADERS  = 
  CONFIG_LINKS    = 
  CONFIG_COMMANDS = 
  $ ./config.status src/Makefile depfiles

on reza-desktop

config.status:1201: creating src/Makefile
config.status:1414: executing depfiles commands

## ---------------------- ##
## Running config.status. ##
## ---------------------- ##

This file was extended by foobar_cpp config.status 0.1, which was
generated by GNU Autoconf 2.65.  Invocation command line was

  CONFIG_FILES    = 
  CONFIG_HEADERS  = 
  CONFIG_LINKS    = 
  CONFIG_COMMANDS = 
  $ ./config.status src/Makefile depfiles

on reza-desktop

config.status:1201: creating src/Makefile
config.status:1414: executing depfiles commands

## ---------------------- ##
## Running config.status. ##
## ---------------------- ##

This file was extended by foobar_cpp config.status 0.1, which was
generated by GNU Autoconf 2.65.  Invocation command line was

  CONFIG_FILES    = 
  CONFIG_HEADERS  = 
  CONFIG_LINKS    = 
  CONFIG_COMMANDS = 
  $ ./config.status src/Makefile depfiles

on reza-desktop

config.status:1201: creating src/Makefile
config.status:1414: executing depfiles commands

## ---------------------- ##
## Running config.status. ##
## ---------------------- ##

This file was extended by foobar_cpp config.status 0.1, which was
generated by GNU Autoconf 2.65.  Invocation command line was

  CONFIG_FILES    = 
  CONFIG_HEADERS  = 
  CONFIG_LINKS    = 
  CONFIG_COMMANDS = 
  $ ./config.status src/Makefile depfiles

on reza-desktop

config.status:1201: creating src/Makefile
config.status:1414: executing depfiles commands
